{"/home/travis/build/npmtest/node-npmtest-pjax/test.js":{"path":"/home/travis/build/npmtest/node-npmtest-pjax/test.js","s":{"1":2,"2":2,"3":2,"4":2,"5":2,"6":2,"7":2,"8":1,"9":2,"10":2,"11":1,"12":1,"13":1,"14":1,"15":2,"16":2,"17":2,"18":2,"19":1,"20":1,"21":2,"22":2,"23":2,"24":1,"25":1,"26":1,"27":1,"28":1,"29":1,"30":1,"31":1,"32":1,"33":1,"34":1,"35":1,"36":1,"37":1,"38":1,"39":2,"40":2,"41":1,"42":2,"43":2,"44":1,"45":2,"46":2,"47":1,"48":2,"49":2,"50":1,"51":1,"52":1,"53":1,"54":1},"b":{"1":[2,1,1,1],"2":[1,1,1,1],"3":[1,1],"4":[1,1],"5":[1,1],"6":[1,1],"7":[1,1],"8":[1,1],"9":[1,1],"10":[1,1,1],"11":[1,1],"12":[1,1],"13":[1,1],"14":[1,1],"15":[1,1],"16":[1,1],"17":[1,1]},"f":{"1":2,"2":2,"3":2,"4":2,"5":2,"6":1,"7":1,"8":1,"9":2,"10":2,"11":2,"12":2,"13":1},"fnMap":{"1":{"name":"(anonymous_1)","line":12,"loc":{"start":{"line":12,"column":1},"end":{"line":12,"column":13}}},"2":{"name":"(anonymous_2)","line":19,"loc":{"start":{"line":19,"column":5},"end":{"line":19,"column":17}}},"3":{"name":"(anonymous_3)","line":23,"loc":{"start":{"line":23,"column":24},"end":{"line":23,"column":36}}},"4":{"name":"(anonymous_4)","line":61,"loc":{"start":{"line":61,"column":5},"end":{"line":61,"column":17}}},"5":{"name":"(anonymous_5)","line":82,"loc":{"start":{"line":82,"column":5},"end":{"line":82,"column":17}}},"6":{"name":"(anonymous_6)","line":91,"loc":{"start":{"line":91,"column":77},"end":{"line":94,"column":10}}},"7":{"name":"(anonymous_7)","line":112,"loc":{"start":{"line":112,"column":83},"end":{"line":115,"column":10}},"skip":true},"8":{"name":"(anonymous_8)","line":123,"loc":{"start":{"line":123,"column":77},"end":{"line":126,"column":10}},"skip":true},"9":{"name":"(anonymous_9)","line":139,"loc":{"start":{"line":139,"column":12},"end":{"line":139,"column":40}},"skip":true},"10":{"name":"(anonymous_10)","line":147,"loc":{"start":{"line":147,"column":77},"end":{"line":150,"column":10}},"skip":true},"11":{"name":"(anonymous_11)","line":158,"loc":{"start":{"line":158,"column":83},"end":{"line":161,"column":10}},"skip":true},"12":{"name":"(anonymous_12)","line":169,"loc":{"start":{"line":169,"column":79},"end":{"line":172,"column":10}},"skip":true},"13":{"name":"(anonymous_13)","line":180,"loc":{"start":{"line":180,"column":75},"end":{"line":183,"column":10}},"skip":true}},"statementMap":{"1":{"start":{"line":12,"column":0},"end":{"line":195,"column":5}},"2":{"start":{"line":14,"column":4},"end":{"line":14,"column":14}},"3":{"start":{"line":19,"column":4},"end":{"line":56,"column":9}},"4":{"start":{"line":21,"column":8},"end":{"line":21,"column":19}},"5":{"start":{"line":23,"column":8},"end":{"line":35,"column":13}},"6":{"start":{"line":24,"column":12},"end":{"line":34,"column":13}},"7":{"start":{"line":25,"column":16},"end":{"line":28,"column":30}},"8":{"start":{"line":30,"column":16},"end":{"line":33,"column":27}},"9":{"start":{"line":37,"column":8},"end":{"line":39,"column":21}},"10":{"start":{"line":40,"column":8},"end":{"line":53,"column":9}},"11":{"start":{"line":43,"column":12},"end":{"line":46,"column":14}},"12":{"start":{"line":47,"column":12},"end":{"line":47,"column":18}},"13":{"start":{"line":50,"column":12},"end":{"line":51,"column":33}},"14":{"start":{"line":52,"column":12},"end":{"line":52,"column":18}},"15":{"start":{"line":55,"column":8},"end":{"line":55,"column":35}},"16":{"start":{"line":61,"column":4},"end":{"line":63,"column":9}},"17":{"start":{"line":62,"column":8},"end":{"line":62,"column":15}},"18":{"start":{"line":64,"column":4},"end":{"line":77,"column":5}},"19":{"start":{"line":70,"column":8},"end":{"line":70,"column":14}},"20":{"start":{"line":76,"column":8},"end":{"line":76,"column":14}},"21":{"start":{"line":82,"column":4},"end":{"line":84,"column":9}},"22":{"start":{"line":83,"column":8},"end":{"line":83,"column":15}},"23":{"start":{"line":85,"column":4},"end":{"line":194,"column":5}},"24":{"start":{"line":91,"column":8},"end":{"line":99,"column":10}},"25":{"start":{"line":98,"column":12},"end":{"line":98,"column":35}},"26":{"start":{"line":102,"column":8},"end":{"line":104,"column":63}},"27":{"start":{"line":105,"column":8},"end":{"line":105,"column":14}},"28":{"start":{"line":112,"column":8},"end":{"line":121,"column":10},"skip":true},"29":{"start":{"line":119,"column":12},"end":{"line":119,"column":55},"skip":true},"30":{"start":{"line":120,"column":12},"end":{"line":120,"column":48},"skip":true},"31":{"start":{"line":123,"column":8},"end":{"line":136,"column":10},"skip":true},"32":{"start":{"line":130,"column":12},"end":{"line":130,"column":76},"skip":true},"33":{"start":{"line":131,"column":12},"end":{"line":131,"column":73},"skip":true},"34":{"start":{"line":132,"column":12},"end":{"line":132,"column":74},"skip":true},"35":{"start":{"line":133,"column":12},"end":{"line":133,"column":79},"skip":true},"36":{"start":{"line":134,"column":12},"end":{"line":134,"column":25},"skip":true},"37":{"start":{"line":135,"column":12},"end":{"line":135,"column":45},"skip":true},"38":{"start":{"line":138,"column":8},"end":{"line":145,"column":14},"skip":true},"39":{"start":{"line":143,"column":16},"end":{"line":143,"column":29},"skip":true},"40":{"start":{"line":144,"column":16},"end":{"line":144,"column":55},"skip":true},"41":{"start":{"line":147,"column":8},"end":{"line":156,"column":10},"skip":true},"42":{"start":{"line":154,"column":12},"end":{"line":154,"column":25},"skip":true},"43":{"start":{"line":155,"column":12},"end":{"line":155,"column":45},"skip":true},"44":{"start":{"line":158,"column":8},"end":{"line":167,"column":10},"skip":true},"45":{"start":{"line":165,"column":12},"end":{"line":165,"column":25},"skip":true},"46":{"start":{"line":166,"column":12},"end":{"line":166,"column":48},"skip":true},"47":{"start":{"line":169,"column":8},"end":{"line":178,"column":10},"skip":true},"48":{"start":{"line":176,"column":12},"end":{"line":176,"column":25},"skip":true},"49":{"start":{"line":177,"column":12},"end":{"line":177,"column":46},"skip":true},"50":{"start":{"line":180,"column":8},"end":{"line":189,"column":10},"skip":true},"51":{"start":{"line":187,"column":12},"end":{"line":187,"column":94},"skip":true},"52":{"start":{"line":188,"column":12},"end":{"line":188,"column":48},"skip":true},"53":{"start":{"line":192,"column":8},"end":{"line":192,"column":35},"skip":true},"54":{"start":{"line":193,"column":8},"end":{"line":193,"column":14},"skip":true}},"branchMap":{"1":{"line":25,"type":"binary-expr","locations":[{"start":{"line":25,"column":23},"end":{"line":25,"column":62}},{"start":{"line":26,"column":20},"end":{"line":26,"column":70}},{"start":{"line":27,"column":20},"end":{"line":27,"column":71}},{"start":{"line":28,"column":20},"end":{"line":28,"column":29}}]},"2":{"line":30,"type":"binary-expr","locations":[{"start":{"line":30,"column":23},"end":{"line":30,"column":37}},{"start":{"line":31,"column":20},"end":{"line":31,"column":61}},{"start":{"line":32,"column":20},"end":{"line":32,"column":70}},{"start":{"line":33,"column":20},"end":{"line":33,"column":26}}]},"3":{"line":37,"type":"cond-expr","locations":[{"start":{"line":38,"column":14},"end":{"line":38,"column":20}},{"start":{"line":39,"column":14},"end":{"line":39,"column":20}}]},"4":{"line":40,"type":"switch","locations":[{"start":{"line":42,"column":8},"end":{"line":47,"column":18}},{"start":{"line":49,"column":8},"end":{"line":52,"column":18}}]},"5":{"line":44,"type":"binary-expr","locations":[{"start":{"line":44,"column":16},"end":{"line":44,"column":44}},{"start":{"line":44,"column":48},"end":{"line":44,"column":66}}]},"6":{"line":50,"type":"binary-expr","locations":[{"start":{"line":50,"column":21},"end":{"line":50,"column":49}},{"start":{"line":50,"column":53},"end":{"line":50,"column":72}}]},"7":{"line":64,"type":"switch","locations":[{"start":{"line":69,"column":4},"end":{"line":70,"column":14}},{"start":{"line":75,"column":4},"end":{"line":76,"column":14}}]},"8":{"line":85,"type":"switch","locations":[{"start":{"line":90,"column":4},"end":{"line":105,"column":14}},{"start":{"line":111,"column":4},"end":{"line":193,"column":14},"skip":true}]},"9":{"line":91,"type":"binary-expr","locations":[{"start":{"line":91,"column":42},"end":{"line":91,"column":73}},{"start":{"line":91,"column":77},"end":{"line":99,"column":9}}]},"10":{"line":102,"type":"binary-expr","locations":[{"start":{"line":102,"column":18},"end":{"line":102,"column":32}},{"start":{"line":103,"column":12},"end":{"line":103,"column":53}},{"start":{"line":104,"column":12},"end":{"line":104,"column":61}}]},"11":{"line":112,"type":"binary-expr","locations":[{"start":{"line":112,"column":45},"end":{"line":112,"column":79},"skip":true},{"start":{"line":112,"column":83},"end":{"line":121,"column":9},"skip":true}]},"12":{"line":123,"type":"binary-expr","locations":[{"start":{"line":123,"column":42},"end":{"line":123,"column":73},"skip":true},{"start":{"line":123,"column":77},"end":{"line":136,"column":9},"skip":true}]},"13":{"line":138,"type":"binary-expr","locations":[{"start":{"line":138,"column":48},"end":{"line":138,"column":85},"skip":true},{"start":{"line":139,"column":12},"end":{"line":145,"column":13},"skip":true}]},"14":{"line":147,"type":"binary-expr","locations":[{"start":{"line":147,"column":42},"end":{"line":147,"column":73},"skip":true},{"start":{"line":147,"column":77},"end":{"line":156,"column":9},"skip":true}]},"15":{"line":158,"type":"binary-expr","locations":[{"start":{"line":158,"column":45},"end":{"line":158,"column":79},"skip":true},{"start":{"line":158,"column":83},"end":{"line":167,"column":9},"skip":true}]},"16":{"line":169,"type":"binary-expr","locations":[{"start":{"line":169,"column":43},"end":{"line":169,"column":75},"skip":true},{"start":{"line":169,"column":79},"end":{"line":178,"column":9},"skip":true}]},"17":{"line":180,"type":"binary-expr","locations":[{"start":{"line":180,"column":41},"end":{"line":180,"column":71},"skip":true},{"start":{"line":180,"column":75},"end":{"line":189,"column":9},"skip":true}]}},"code":["/* istanbul instrument in package npmtest_pjax */","/*jslint","    bitwise: true,","    browser: true,","    maxerr: 8,","    maxlen: 96,","    node: true,","    nomen: true,","    regexp: true,","    stupid: true","*/","(function () {","    'use strict';","    var local;","","","","    // run shared js-env code - init-before","    (function () {","        // init local","        local = {};","        // init modeJs","        local.modeJs = (function () {","            try {","                return typeof navigator.userAgent === 'string' &&","                    typeof document.querySelector('body') === 'object' &&","                    typeof XMLHttpRequest.prototype.open === 'function' &&","                    'browser';","            } catch (errorCaughtBrowser) {","                return module.exports &&","                    typeof process.versions.node === 'string' &&","                    typeof require('http').createServer === 'function' &&","                    'node';","            }","        }());","        // init global","        local.global = local.modeJs === 'browser'","            ? window","            : global;","        switch (local.modeJs) {","        // re-init local from window.local","        case 'browser':","            local = local.global.utility2.objectSetDefault(","                local.global.utility2_rollup || local.global.local,","                local.global.utility2","            );","            break;","        // re-init local from example.js","        case 'node':","            local = (local.global.utility2_rollup || require('utility2'))","                .requireReadme();","            break;","        }","        // export local","        local.global.local = local;","    }());","","","","    // run shared js-env code - function","    (function () {","        return;","    }());","    switch (local.modeJs) {","","","","    // run browser js-env code - function","    case 'browser':","        break;","","","","    // run node js-env code - function","    case 'node':","        break;","    }","","","","    // run shared js-env code - init-after","    (function () {","        return;","    }());","    switch (local.modeJs) {","","","","    // run browser js-env code - init-after","    case 'browser':","        local.testCase_browser_nullCase = local.testCase_browser_nullCase || function (","            options,","            onError","        ) {","        /*","         * this function will test browsers's null-case handling-behavior-behavior","         */","            onError(null, options);","        };","","        // run tests","        local.nop(local.modeTest &&","            document.querySelector('#testRunButton1') &&","            document.querySelector('#testRunButton1').click());","        break;","","","","    // run node js-env code - init-after","    /* istanbul ignore next */","    case 'node':","        local.testCase_buildApidoc_default = local.testCase_buildApidoc_default || function (","            options,","            onError","        ) {","        /*","         * this function will test buildApidoc's default handling-behavior-behavior","         */","            options = { modulePathList: module.paths };","            local.buildApidoc(options, onError);","        };","","        local.testCase_buildApp_default = local.testCase_buildApp_default || function (","            options,","            onError","        ) {","        /*","         * this function will test buildApp's default handling-behavior-behavior","         */","            local.testCase_buildReadme_default(options, local.onErrorThrow);","            local.testCase_buildLib_default(options, local.onErrorThrow);","            local.testCase_buildTest_default(options, local.onErrorThrow);","            local.testCase_buildCustomOrg_default(options, local.onErrorThrow);","            options = [];","            local.buildApp(options, onError);","        };","","        local.testCase_buildCustomOrg_default = local.testCase_buildCustomOrg_default ||","            function (options, onError) {","            /*","             * this function will test buildCustomOrg's default handling-behavior","             */","                options = {};","                local.buildCustomOrg(options, onError);","            };","","        local.testCase_buildLib_default = local.testCase_buildLib_default || function (","            options,","            onError","        ) {","        /*","         * this function will test buildLib's default handling-behavior","         */","            options = {};","            local.buildLib(options, onError);","        };","","        local.testCase_buildReadme_default = local.testCase_buildReadme_default || function (","            options,","            onError","        ) {","        /*","         * this function will test buildReadme's default handling-behavior-behavior","         */","            options = {};","            local.buildReadme(options, onError);","        };","","        local.testCase_buildTest_default = local.testCase_buildTest_default || function (","            options,","            onError","        ) {","        /*","         * this function will test buildTest's default handling-behavior","         */","            options = {};","            local.buildTest(options, onError);","        };","","        local.testCase_webpage_default = local.testCase_webpage_default || function (","            options,","            onError","        ) {","        /*","         * this function will test webpage's default handling-behavior","         */","            options = { modeCoverageMerge: true, url: local.serverLocalHost + '?modeTest=1' };","            local.browserTest(options, onError);","        };","","        // run test-server","        local.testRunServer(local);","        break;","    }","}());",""],"l":{"12":2,"14":2,"19":2,"21":2,"23":2,"24":2,"25":2,"30":1,"37":2,"40":2,"43":1,"47":1,"50":1,"52":1,"55":2,"61":2,"62":2,"64":2,"70":1,"76":1,"82":2,"83":2,"85":2,"91":1,"98":1,"102":1,"105":1,"112":1,"119":1,"120":1,"123":1,"130":1,"131":1,"132":1,"133":1,"134":1,"135":1,"138":1,"143":2,"144":2,"147":1,"154":2,"155":2,"158":1,"165":2,"166":2,"169":1,"176":2,"177":2,"180":1,"187":1,"188":1,"192":1,"193":1}},"/home/travis/build/npmtest/node-npmtest-pjax/lib.npmtest_pjax.js":{"path":"/home/travis/build/npmtest/node-npmtest-pjax/lib.npmtest_pjax.js","s":{"1":2,"2":2,"3":2,"4":2,"5":2,"6":2,"7":2,"8":1,"9":2,"10":2,"11":2,"12":2,"13":1,"14":1,"15":1,"16":1},"b":{"1":[2,1,1,1],"2":[1,1,1,1],"3":[1,1],"4":[2,2],"5":[1,1]},"f":{"1":2,"2":2,"3":2},"fnMap":{"1":{"name":"(anonymous_1)","line":12,"loc":{"start":{"line":12,"column":1},"end":{"line":12,"column":13}}},"2":{"name":"(anonymous_2)","line":19,"loc":{"start":{"line":19,"column":5},"end":{"line":19,"column":17}}},"3":{"name":"(anonymous_3)","line":23,"loc":{"start":{"line":23,"column":24},"end":{"line":23,"column":36}}}},"statementMap":{"1":{"start":{"line":12,"column":0},"end":{"line":53,"column":5}},"2":{"start":{"line":14,"column":4},"end":{"line":14,"column":14}},"3":{"start":{"line":19,"column":4},"end":{"line":52,"column":9}},"4":{"start":{"line":21,"column":8},"end":{"line":21,"column":19}},"5":{"start":{"line":23,"column":8},"end":{"line":35,"column":13}},"6":{"start":{"line":24,"column":12},"end":{"line":34,"column":13}},"7":{"start":{"line":25,"column":16},"end":{"line":28,"column":30}},"8":{"start":{"line":30,"column":16},"end":{"line":33,"column":27}},"9":{"start":{"line":37,"column":8},"end":{"line":39,"column":21}},"10":{"start":{"line":41,"column":8},"end":{"line":41,"column":54}},"11":{"start":{"line":43,"column":8},"end":{"line":43,"column":49}},"12":{"start":{"line":45,"column":8},"end":{"line":51,"column":9}},"13":{"start":{"line":46,"column":12},"end":{"line":46,"column":55}},"14":{"start":{"line":48,"column":12},"end":{"line":48,"column":35}},"15":{"start":{"line":49,"column":12},"end":{"line":49,"column":49}},"16":{"start":{"line":50,"column":12},"end":{"line":50,"column":43}}},"branchMap":{"1":{"line":25,"type":"binary-expr","locations":[{"start":{"line":25,"column":23},"end":{"line":25,"column":62}},{"start":{"line":26,"column":20},"end":{"line":26,"column":70}},{"start":{"line":27,"column":20},"end":{"line":27,"column":71}},{"start":{"line":28,"column":20},"end":{"line":28,"column":29}}]},"2":{"line":30,"type":"binary-expr","locations":[{"start":{"line":30,"column":23},"end":{"line":30,"column":37}},{"start":{"line":31,"column":20},"end":{"line":31,"column":61}},{"start":{"line":32,"column":20},"end":{"line":32,"column":70}},{"start":{"line":33,"column":20},"end":{"line":33,"column":26}}]},"3":{"line":37,"type":"cond-expr","locations":[{"start":{"line":38,"column":14},"end":{"line":38,"column":20}},{"start":{"line":39,"column":14},"end":{"line":39,"column":20}}]},"4":{"line":41,"type":"binary-expr","locations":[{"start":{"line":41,"column":16},"end":{"line":41,"column":44}},{"start":{"line":41,"column":48},"end":{"line":41,"column":53}}]},"5":{"line":45,"type":"if","locations":[{"start":{"line":45,"column":8},"end":{"line":45,"column":8}},{"start":{"line":45,"column":8},"end":{"line":45,"column":8}}]}},"code":["/* istanbul instrument in package npmtest_pjax */","/*jslint","    bitwise: true,","    browser: true,","    maxerr: 8,","    maxlen: 96,","    node: true,","    nomen: true,","    regexp: true,","    stupid: true","*/","(function () {","    'use strict';","    var local;","","","","    // run shared js-env code - init-before","    (function () {","        // init local","        local = {};","        // init modeJs","        local.modeJs = (function () {","            try {","                return typeof navigator.userAgent === 'string' &&","                    typeof document.querySelector('body') === 'object' &&","                    typeof XMLHttpRequest.prototype.open === 'function' &&","                    'browser';","            } catch (errorCaughtBrowser) {","                return module.exports &&","                    typeof process.versions.node === 'string' &&","                    typeof require('http').createServer === 'function' &&","                    'node';","            }","        }());","        // init global","        local.global = local.modeJs === 'browser'","            ? window","            : global;","        // init utility2_rollup","        local = local.global.utility2_rollup || local;","        // init lib","        local.local = local.npmtest_pjax = local;","        // init exports","        if (local.modeJs === 'browser') {","            local.global.utility2_npmtest_pjax = local;","        } else {","            module.exports = local;","            module.exports.__dirname = __dirname;","            module.exports.module = module;","        }","    }());","}());",""],"l":{"12":2,"14":2,"19":2,"21":2,"23":2,"24":2,"25":2,"30":1,"37":2,"41":2,"43":2,"45":2,"46":1,"48":1,"49":1,"50":1}},"/home/travis/build/npmtest/node-npmtest-pjax/example.js":{"path":"/home/travis/build/npmtest/node-npmtest-pjax/example.js","s":{"1":2,"2":2,"3":2,"4":2,"5":2,"6":2,"7":2,"8":1,"9":2,"10":2,"11":2,"12":2,"13":1,"14":2,"15":2,"16":2,"17":2,"18":2,"19":0,"20":2,"21":1,"22":1,"23":1,"24":1,"25":1,"26":0,"27":0,"28":1,"29":1,"30":2,"31":0,"32":0,"33":0,"34":1,"35":2,"36":2,"37":3,"38":3,"39":3,"40":3,"41":0,"42":3,"43":3,"44":3,"45":1,"46":3,"47":1,"48":1,"49":1,"50":1,"51":1,"52":1,"53":1,"54":1,"55":1,"56":1,"57":0,"58":1,"59":6,"60":6,"61":1,"62":2,"63":0,"64":2,"65":1,"66":1,"67":0,"68":0,"69":0,"70":0,"71":0,"72":0,"73":0,"74":0,"75":0,"76":0,"77":0,"78":0,"79":0,"80":0,"81":0,"82":0,"83":0},"b":{"1":[2,1,1,1],"2":[1,1,1,1],"3":[1,1],"4":[2,2],"5":[1,1],"6":[1,1],"7":[2,0],"8":[2,1,1,1,1,1],"9":[0,2,0],"10":[1,1],"11":[2,1,1],"12":[1,0],"13":[0,2],"14":[2,0,0,0,0,0,0],"15":[0,3],"16":[3,0],"17":[1,1],"18":[0,1],"19":[1,2,0,2],"20":[1,0],"21":[1,1],"22":[0,0],"23":[0,0],"24":[0,0],"25":[0,0],"26":[0,0],"27":[0,0],"28":[0,0]},"f":{"1":2,"2":2,"3":2,"4":2,"5":2,"6":2,"7":3,"8":3,"9":3,"10":1,"11":6,"12":0},"fnMap":{"1":{"name":"(anonymous_1)","line":26,"loc":{"start":{"line":26,"column":1},"end":{"line":26,"column":13}}},"2":{"name":"(anonymous_2)","line":33,"loc":{"start":{"line":33,"column":5},"end":{"line":33,"column":17}}},"3":{"name":"(anonymous_3)","line":37,"loc":{"start":{"line":37,"column":24},"end":{"line":37,"column":36}}},"4":{"name":"(anonymous_4)","line":69,"loc":{"start":{"line":69,"column":31},"end":{"line":69,"column":48}},"skip":true},"5":{"name":"(anonymous_5)","line":78,"loc":{"start":{"line":78,"column":26},"end":{"line":78,"column":45}},"skip":true},"6":{"name":"(anonymous_6)","line":123,"loc":{"start":{"line":123,"column":33},"end":{"line":123,"column":48}},"skip":true},"7":{"name":"(anonymous_7)","line":125,"loc":{"start":{"line":125,"column":27},"end":{"line":125,"column":39}},"skip":true},"8":{"name":"(anonymous_8)","line":133,"loc":{"start":{"line":133,"column":59},"end":{"line":133,"column":74}},"skip":true},"9":{"name":"(anonymous_9)","line":143,"loc":{"start":{"line":143,"column":45},"end":{"line":143,"column":62}},"skip":true},"10":{"name":"(anonymous_10)","line":144,"loc":{"start":{"line":144,"column":73},"end":{"line":144,"column":92}},"skip":true},"11":{"name":"(anonymous_11)","line":272,"loc":{"start":{"line":272,"column":51},"end":{"line":272,"column":77}},"skip":true},"12":{"name":"(anonymous_12)","line":315,"loc":{"start":{"line":315,"column":32},"end":{"line":315,"column":61}},"skip":true}},"statementMap":{"1":{"start":{"line":26,"column":0},"end":{"line":326,"column":5}},"2":{"start":{"line":28,"column":4},"end":{"line":28,"column":14}},"3":{"start":{"line":33,"column":4},"end":{"line":60,"column":9}},"4":{"start":{"line":35,"column":8},"end":{"line":35,"column":19}},"5":{"start":{"line":37,"column":8},"end":{"line":49,"column":13}},"6":{"start":{"line":38,"column":12},"end":{"line":48,"column":13}},"7":{"start":{"line":39,"column":16},"end":{"line":42,"column":30}},"8":{"start":{"line":44,"column":16},"end":{"line":47,"column":27}},"9":{"start":{"line":51,"column":8},"end":{"line":53,"column":21}},"10":{"start":{"line":55,"column":8},"end":{"line":57,"column":45}},"11":{"start":{"line":59,"column":8},"end":{"line":59,"column":35}},"12":{"start":{"line":61,"column":4},"end":{"line":325,"column":5}},"13":{"start":{"line":69,"column":8},"end":{"line":121,"column":10},"skip":true},"14":{"start":{"line":70,"column":12},"end":{"line":88,"column":13},"skip":true},"15":{"start":{"line":76,"column":16},"end":{"line":87,"column":19},"skip":true},"16":{"start":{"line":79,"column":20},"end":{"line":86,"column":21},"skip":true},"17":{"start":{"line":82,"column":24},"end":{"line":82,"column":43},"skip":true},"18":{"start":{"line":83,"column":24},"end":{"line":83,"column":30},"skip":true},"19":{"start":{"line":85,"column":24},"end":{"line":85,"column":49},"skip":true},"20":{"start":{"line":89,"column":12},"end":{"line":107,"column":13},"skip":true},"21":{"start":{"line":92,"column":16},"end":{"line":102,"column":17},"skip":true},"22":{"start":{"line":93,"column":20},"end":{"line":93,"column":86},"skip":true},"23":{"start":{"line":94,"column":20},"end":{"line":95,"column":45},"skip":true},"24":{"start":{"line":96,"column":20},"end":{"line":96,"column":42},"skip":true},"25":{"start":{"line":97,"column":20},"end":{"line":97,"column":48},"skip":true},"26":{"start":{"line":100,"column":20},"end":{"line":100,"column":85},"skip":true},"27":{"start":{"line":101,"column":20},"end":{"line":101,"column":96},"skip":true},"28":{"start":{"line":103,"column":16},"end":{"line":103,"column":22},"skip":true},"29":{"start":{"line":106,"column":16},"end":{"line":106,"column":22},"skip":true},"30":{"start":{"line":108,"column":12},"end":{"line":120,"column":13},"skip":true},"31":{"start":{"line":114,"column":16},"end":{"line":119,"column":17},"skip":true},"32":{"start":{"line":116,"column":20},"end":{"line":116,"column":78},"skip":true},"33":{"start":{"line":118,"column":20},"end":{"line":118,"column":47},"skip":true},"34":{"start":{"line":123,"column":8},"end":{"line":141,"column":11},"skip":true},"35":{"start":{"line":124,"column":12},"end":{"line":124,"column":54},"skip":true},"36":{"start":{"line":125,"column":12},"end":{"line":140,"column":14},"skip":true},"37":{"start":{"line":126,"column":16},"end":{"line":126,"column":28},"skip":true},"38":{"start":{"line":127,"column":16},"end":{"line":127,"column":69},"skip":true},"39":{"start":{"line":128,"column":16},"end":{"line":128,"column":75},"skip":true},"40":{"start":{"line":129,"column":16},"end":{"line":131,"column":17},"skip":true},"41":{"start":{"line":130,"column":20},"end":{"line":130,"column":27},"skip":true},"42":{"start":{"line":133,"column":16},"end":{"line":137,"column":36},"skip":true},"43":{"start":{"line":134,"column":20},"end":{"line":136,"column":55},"skip":true},"44":{"start":{"line":139,"column":16},"end":{"line":139,"column":57},"skip":true},"45":{"start":{"line":143,"column":8},"end":{"line":147,"column":11},"skip":true},"46":{"start":{"line":144,"column":12},"end":{"line":146,"column":15},"skip":true},"47":{"start":{"line":145,"column":16},"end":{"line":145,"column":70},"skip":true},"48":{"start":{"line":149,"column":8},"end":{"line":149,"column":31},"skip":true},"49":{"start":{"line":150,"column":8},"end":{"line":150,"column":14},"skip":true},"50":{"start":{"line":158,"column":8},"end":{"line":158,"column":31},"skip":true},"51":{"start":{"line":160,"column":8},"end":{"line":160,"column":33},"skip":true},"52":{"start":{"line":161,"column":8},"end":{"line":161,"column":37},"skip":true},"53":{"start":{"line":162,"column":8},"end":{"line":162,"column":35},"skip":true},"54":{"start":{"line":164,"column":8},"end":{"line":164,"column":50},"skip":true},"55":{"start":{"line":166,"column":8},"end":{"line":256,"column":2},"skip":true},"56":{"start":{"line":258,"column":8},"end":{"line":286,"column":9},"skip":true},"57":{"start":{"line":259,"column":12},"end":{"line":269,"column":14},"skip":true},"58":{"start":{"line":271,"column":12},"end":{"line":285,"column":19},"skip":true},"59":{"start":{"line":274,"column":20},"end":{"line":274,"column":35},"skip":true},"60":{"start":{"line":275,"column":20},"end":{"line":284,"column":21},"skip":true},"61":{"start":{"line":277,"column":24},"end":{"line":277,"column":64},"skip":true},"62":{"start":{"line":279,"column":24},"end":{"line":279,"column":40},"skip":true},"63":{"start":{"line":281,"column":24},"end":{"line":281,"column":40},"skip":true},"64":{"start":{"line":283,"column":24},"end":{"line":283,"column":39},"skip":true},"65":{"start":{"line":288,"column":8},"end":{"line":290,"column":9},"skip":true},"66":{"start":{"line":289,"column":12},"end":{"line":289,"column":18},"skip":true},"67":{"start":{"line":291,"column":8},"end":{"line":293,"column":54},"skip":true},"68":{"start":{"line":296,"column":8},"end":{"line":301,"column":37},"skip":true},"69":{"start":{"line":303,"column":8},"end":{"line":303,"column":82},"skip":true},"70":{"start":{"line":306,"column":8},"end":{"line":308,"column":9},"skip":true},"71":{"start":{"line":307,"column":12},"end":{"line":307,"column":82},"skip":true},"72":{"start":{"line":310,"column":8},"end":{"line":312,"column":9},"skip":true},"73":{"start":{"line":311,"column":12},"end":{"line":311,"column":18},"skip":true},"74":{"start":{"line":313,"column":8},"end":{"line":313,"column":54},"skip":true},"75":{"start":{"line":314,"column":8},"end":{"line":314,"column":69},"skip":true},"76":{"start":{"line":315,"column":8},"end":{"line":323,"column":36},"skip":true},"77":{"start":{"line":316,"column":12},"end":{"line":316,"column":61},"skip":true},"78":{"start":{"line":317,"column":12},"end":{"line":320,"column":13},"skip":true},"79":{"start":{"line":318,"column":16},"end":{"line":318,"column":75},"skip":true},"80":{"start":{"line":319,"column":16},"end":{"line":319,"column":23},"skip":true},"81":{"start":{"line":321,"column":12},"end":{"line":321,"column":38},"skip":true},"82":{"start":{"line":322,"column":12},"end":{"line":322,"column":27},"skip":true},"83":{"start":{"line":324,"column":8},"end":{"line":324,"column":14},"skip":true}},"branchMap":{"1":{"line":39,"type":"binary-expr","locations":[{"start":{"line":39,"column":23},"end":{"line":39,"column":62}},{"start":{"line":40,"column":20},"end":{"line":40,"column":70}},{"start":{"line":41,"column":20},"end":{"line":41,"column":71}},{"start":{"line":42,"column":20},"end":{"line":42,"column":29}}]},"2":{"line":44,"type":"binary-expr","locations":[{"start":{"line":44,"column":23},"end":{"line":44,"column":37}},{"start":{"line":45,"column":20},"end":{"line":45,"column":61}},{"start":{"line":46,"column":20},"end":{"line":46,"column":70}},{"start":{"line":47,"column":20},"end":{"line":47,"column":26}}]},"3":{"line":51,"type":"cond-expr","locations":[{"start":{"line":52,"column":14},"end":{"line":52,"column":20}},{"start":{"line":53,"column":14},"end":{"line":53,"column":20}}]},"4":{"line":55,"type":"binary-expr","locations":[{"start":{"line":55,"column":16},"end":{"line":55,"column":44}},{"start":{"line":55,"column":49},"end":{"line":57,"column":43}}]},"5":{"line":55,"type":"cond-expr","locations":[{"start":{"line":56,"column":14},"end":{"line":56,"column":48}},{"start":{"line":57,"column":14},"end":{"line":57,"column":43}}]},"6":{"line":61,"type":"switch","locations":[{"start":{"line":68,"column":4},"end":{"line":150,"column":14},"skip":true},{"start":{"line":156,"column":4},"end":{"line":324,"column":14},"skip":true}]},"7":{"line":70,"type":"if","locations":[{"start":{"line":70,"column":12},"end":{"line":70,"column":12},"skip":true},{"start":{"line":70,"column":12},"end":{"line":70,"column":12},"skip":true}]},"8":{"line":70,"type":"binary-expr","locations":[{"start":{"line":70,"column":16},"end":{"line":70,"column":22},"skip":true},{"start":{"line":70,"column":27},"end":{"line":70,"column":32},"skip":true},{"start":{"line":71,"column":20},"end":{"line":71,"column":39},"skip":true},{"start":{"line":72,"column":20},"end":{"line":72,"column":49},"skip":true},{"start":{"line":73,"column":20},"end":{"line":73,"column":58},"skip":true},{"start":{"line":74,"column":20},"end":{"line":74,"column":69},"skip":true}]},"9":{"line":79,"type":"switch","locations":[{"start":{"line":80,"column":20},"end":{"line":80,"column":33},"skip":true},{"start":{"line":81,"column":20},"end":{"line":83,"column":30},"skip":true},{"start":{"line":84,"column":20},"end":{"line":85,"column":49},"skip":true}]},"10":{"line":89,"type":"switch","locations":[{"start":{"line":90,"column":12},"end":{"line":103,"column":22},"skip":true},{"start":{"line":105,"column":12},"end":{"line":106,"column":22},"skip":true}]},"11":{"line":89,"type":"binary-expr","locations":[{"start":{"line":89,"column":20},"end":{"line":89,"column":25},"skip":true},{"start":{"line":89,"column":29},"end":{"line":89,"column":48},"skip":true},{"start":{"line":89,"column":52},"end":{"line":89,"column":74},"skip":true}]},"12":{"line":92,"type":"if","locations":[{"start":{"line":92,"column":16},"end":{"line":92,"column":16},"skip":true},{"start":{"line":92,"column":16},"end":{"line":92,"column":16},"skip":true}]},"13":{"line":108,"type":"if","locations":[{"start":{"line":108,"column":12},"end":{"line":108,"column":12},"skip":true},{"start":{"line":108,"column":12},"end":{"line":108,"column":12},"skip":true}]},"14":{"line":108,"type":"binary-expr","locations":[{"start":{"line":108,"column":16},"end":{"line":108,"column":61},"skip":true},{"start":{"line":108,"column":66},"end":{"line":108,"column":72},"skip":true},{"start":{"line":108,"column":77},"end":{"line":108,"column":82},"skip":true},{"start":{"line":109,"column":20},"end":{"line":109,"column":39},"skip":true},{"start":{"line":110,"column":20},"end":{"line":110,"column":49},"skip":true},{"start":{"line":111,"column":20},"end":{"line":111,"column":58},"skip":true},{"start":{"line":112,"column":20},"end":{"line":112,"column":68},"skip":true}]},"15":{"line":129,"type":"if","locations":[{"start":{"line":129,"column":16},"end":{"line":129,"column":16},"skip":true},{"start":{"line":129,"column":16},"end":{"line":129,"column":16},"skip":true}]},"16":{"line":134,"type":"cond-expr","locations":[{"start":{"line":135,"column":26},"end":{"line":135,"column":29},"skip":true},{"start":{"line":136,"column":26},"end":{"line":136,"column":54},"skip":true}]},"17":{"line":164,"type":"binary-expr","locations":[{"start":{"line":164,"column":27},"end":{"line":164,"column":43},"skip":true},{"start":{"line":164,"column":47},"end":{"line":164,"column":49},"skip":true}]},"18":{"line":258,"type":"if","locations":[{"start":{"line":258,"column":8},"end":{"line":258,"column":8},"skip":true},{"start":{"line":258,"column":8},"end":{"line":258,"column":8},"skip":true}]},"19":{"line":275,"type":"switch","locations":[{"start":{"line":276,"column":20},"end":{"line":277,"column":64},"skip":true},{"start":{"line":278,"column":20},"end":{"line":279,"column":40},"skip":true},{"start":{"line":280,"column":20},"end":{"line":281,"column":40},"skip":true},{"start":{"line":282,"column":20},"end":{"line":283,"column":39},"skip":true}]},"20":{"line":288,"type":"if","locations":[{"start":{"line":288,"column":8},"end":{"line":288,"column":8},"skip":true},{"start":{"line":288,"column":8},"end":{"line":288,"column":8},"skip":true}]},"21":{"line":288,"type":"binary-expr","locations":[{"start":{"line":288,"column":12},"end":{"line":288,"column":40},"skip":true},{"start":{"line":288,"column":44},"end":{"line":288,"column":67},"skip":true}]},"22":{"line":292,"type":"binary-expr","locations":[{"start":{"line":292,"column":12},"end":{"line":292,"column":50},"skip":true},{"start":{"line":293,"column":12},"end":{"line":293,"column":53},"skip":true}]},"23":{"line":297,"type":"binary-expr","locations":[{"start":{"line":297,"column":12},"end":{"line":297,"column":62},"skip":true},{"start":{"line":298,"column":12},"end":{"line":301,"column":36},"skip":true}]},"24":{"line":303,"type":"binary-expr","locations":[{"start":{"line":303,"column":43},"end":{"line":303,"column":75},"skip":true},{"start":{"line":303,"column":79},"end":{"line":303,"column":81},"skip":true}]},"25":{"line":306,"type":"if","locations":[{"start":{"line":306,"column":8},"end":{"line":306,"column":8},"skip":true},{"start":{"line":306,"column":8},"end":{"line":306,"column":8},"skip":true}]},"26":{"line":310,"type":"if","locations":[{"start":{"line":310,"column":8},"end":{"line":310,"column":8},"skip":true},{"start":{"line":310,"column":8},"end":{"line":310,"column":8},"skip":true}]},"27":{"line":313,"type":"binary-expr","locations":[{"start":{"line":313,"column":27},"end":{"line":313,"column":43},"skip":true},{"start":{"line":313,"column":47},"end":{"line":313,"column":53},"skip":true}]},"28":{"line":317,"type":"if","locations":[{"start":{"line":317,"column":12},"end":{"line":317,"column":12},"skip":true},{"start":{"line":317,"column":12},"end":{"line":317,"column":12},"skip":true}]}},"code":["/*","example.js","","quickstart example","","instruction","    1. save this script as example.js","    2. run the shell command:","        $ npm install npmtest-pjax && PORT=8081 node example.js","    3. play with the browser-demo on http://127.0.0.1:8081","*/","","","","/* istanbul instrument in package npmtest_pjax */","/*jslint","    bitwise: true,","    browser: true,","    maxerr: 8,","    maxlen: 96,","    node: true,","    nomen: true,","    regexp: true,","    stupid: true","*/","(function () {","    'use strict';","    var local;","","","","    // run shared js-env code - init-before","    (function () {","        // init local","        local = {};","        // init modeJs","        local.modeJs = (function () {","            try {","                return typeof navigator.userAgent === 'string' &&","                    typeof document.querySelector('body') === 'object' &&","                    typeof XMLHttpRequest.prototype.open === 'function' &&","                    'browser';","            } catch (errorCaughtBrowser) {","                return module.exports &&","                    typeof process.versions.node === 'string' &&","                    typeof require('http').createServer === 'function' &&","                    'node';","            }","        }());","        // init global","        local.global = local.modeJs === 'browser'","            ? window","            : global;","        // init utility2_rollup","        local = local.global.utility2_rollup || (local.modeJs === 'browser'","            ? local.global.utility2_npmtest_pjax","            : global.utility2_moduleExports);","        // export local","        local.global.local = local;","    }());","    switch (local.modeJs) {","","","","    // init-after","    // run browser js-env code - init-after","    /* istanbul ignore next */","    case 'browser':","        local.testRunBrowser = function (event) {","            if (!event || (event &&","                    event.currentTarget &&","                    event.currentTarget.className &&","                    event.currentTarget.className.includes &&","                    event.currentTarget.className.includes('onreset'))) {","                // reset output","                Array.from(","                    document.querySelectorAll('body > .resettable')","                ).forEach(function (element) {","                    switch (element.tagName) {","                    case 'INPUT':","                    case 'TEXTAREA':","                        element.value = '';","                        break;","                    default:","                        element.textContent = '';","                    }","                });","            }","            switch (event && event.currentTarget && event.currentTarget.id) {","            case 'testRunButton1':","                // show tests","                if (document.querySelector('#testReportDiv1').style.display === 'none') {","                    document.querySelector('#testReportDiv1').style.display = 'block';","                    document.querySelector('#testRunButton1').textContent =","                        'hide internal test';","                    local.modeTest = true;","                    local.testRunDefault(local);","                // hide tests","                } else {","                    document.querySelector('#testReportDiv1').style.display = 'none';","                    document.querySelector('#testRunButton1').textContent = 'run internal test';","                }","                break;","            // custom-case","            default:","                break;","            }","            if (document.querySelector('#inputTextareaEval1') && (!event || (event &&","                    event.currentTarget &&","                    event.currentTarget.className &&","                    event.currentTarget.className.includes &&","                    event.currentTarget.className.includes('oneval')))) {","                // try to eval input-code","                try {","                    /*jslint evil: true*/","                    eval(document.querySelector('#inputTextareaEval1').value);","                } catch (errorCaught) {","                    console.error(errorCaught);","                }","            }","        };","        // log stderr and stdout to #outputTextareaStdout1","        ['error', 'log'].forEach(function (key) {","            console[key + '_original'] = console[key];","            console[key] = function () {","                var element;","                console[key + '_original'].apply(console, arguments);","                element = document.querySelector('#outputTextareaStdout1');","                if (!element) {","                    return;","                }","                // append text to #outputTextareaStdout1","                element.value += Array.from(arguments).map(function (arg) {","                    return typeof arg === 'string'","                        ? arg","                        : JSON.stringify(arg, null, 4);","                }).join(' ') + '\\n';","                // scroll textarea to bottom","                element.scrollTop = element.scrollHeight;","            };","        });","        // init event-handling","        ['change', 'click', 'keyup'].forEach(function (event) {","            Array.from(document.querySelectorAll('.on' + event)).forEach(function (element) {","                element.addEventListener(event, local.testRunBrowser);","            });","        });","        // run tests","        local.testRunBrowser();","        break;","","","","    // run node js-env code - init-after","    /* istanbul ignore next */","    case 'node':","        // export local","        module.exports = local;","        // require modules","        local.fs = require('fs');","        local.http = require('http');","        local.url = require('url');","        // init assets","        local.assetsDict = local.assetsDict || {};","        /* jslint-ignore-begin */","        local.assetsDict['/assets.index.template.html'] = '\\","<!doctype html>\\n\\","<html lang=\"en\">\\n\\","<head>\\n\\","<meta charset=\"UTF-8\">\\n\\","<meta name=\"viewport\" content=\"width=device-width, initial-scale=1\">\\n\\","<title>{{env.npm_package_name}} (v{{env.npm_package_version}})</title>\\n\\","<style>\\n\\","/*csslint\\n\\","    box-sizing: false,\\n\\","    universal-selector: false\\n\\","*/\\n\\","* {\\n\\","    box-sizing: border-box;\\n\\","}\\n\\","body {\\n\\","    background: #dde;\\n\\","    font-family: Arial, Helvetica, sans-serif;\\n\\","    margin: 2rem;\\n\\","}\\n\\","body > * {\\n\\","    margin-bottom: 1rem;\\n\\","}\\n\\",".utility2FooterDiv {\\n\\","    margin-top: 20px;\\n\\","    text-align: center;\\n\\","}\\n\\","</style>\\n\\","<style>\\n\\","/*csslint\\n\\","*/\\n\\","textarea {\\n\\","    font-family: monospace;\\n\\","    height: 10rem;\\n\\","    width: 100%;\\n\\","}\\n\\","textarea[readonly] {\\n\\","    background: #ddd;\\n\\","}\\n\\","</style>\\n\\","</head>\\n\\","<body>\\n\\","<!-- utility2-comment\\n\\","<div id=\"ajaxProgressDiv1\" style=\"background: #d00; height: 2px; left: 0; margin: 0; padding: 0; position: fixed; top: 0; transition: background 0.5s, width 1.5s; width: 25%;\"></div>\\n\\","utility2-comment -->\\n\\","<h1>\\n\\","<!-- utility2-comment\\n\\","    <a\\n\\","        {{#if env.npm_package_homepage}}\\n\\","        href=\"{{env.npm_package_homepage}}\"\\n\\","        {{/if env.npm_package_homepage}}\\n\\","        target=\"_blank\"\\n\\","    >\\n\\","utility2-comment -->\\n\\","        {{env.npm_package_name}} (v{{env.npm_package_version}})\\n\\","<!-- utility2-comment\\n\\","    </a>\\n\\","utility2-comment -->\\n\\","</h1>\\n\\","<h3>{{env.npm_package_description}}</h3>\\n\\","<!-- utility2-comment\\n\\","<h4><a download href=\"assets.app.js\">download standalone app</a></h4>\\n\\","<button class=\"onclick onreset\" id=\"testRunButton1\">run internal test</button><br>\\n\\","<div id=\"testReportDiv1\" style=\"display: none;\"></div>\\n\\","utility2-comment -->\\n\\","\\n\\","\\n\\","\\n\\","<label>stderr and stdout</label>\\n\\","<textarea class=\"resettable\" id=\"outputTextareaStdout1\" readonly></textarea>\\n\\","<!-- utility2-comment\\n\\","{{#if isRollup}}\\n\\","<script src=\"assets.app.js\"></script>\\n\\","{{#unless isRollup}}\\n\\","utility2-comment -->\\n\\","<script src=\"assets.utility2.rollup.js\"></script>\\n\\","<script src=\"jsonp.utility2._stateInit?callback=window.utility2._stateInit\"></script>\\n\\","<script src=\"assets.npmtest_pjax.rollup.js\"></script>\\n\\","<script src=\"assets.example.js\"></script>\\n\\","<script src=\"assets.test.js\"></script>\\n\\","<!-- utility2-comment\\n\\","{{/if isRollup}}\\n\\","utility2-comment -->\\n\\","<div class=\"utility2FooterDiv\">\\n\\","    [ this app was created with\\n\\","    <a href=\"https://github.com/kaizhu256/node-utility2\" target=\"_blank\">utility2</a>\\n\\","    ]\\n\\","</div>\\n\\","</body>\\n\\","</html>\\n\\","';","        /* jslint-ignore-end */","        if (local.templateRender) {","            local.assetsDict['/'] = local.templateRender(","                local.assetsDict['/assets.index.template.html'],","                {","                    env: local.objectSetDefault(local.env, {","                        npm_package_description: 'the greatest app in the world!',","                        npm_package_name: 'my-app',","                        npm_package_nameAlias: 'my_app',","                        npm_package_version: '0.0.1'","                    })","                }","            );","        } else {","            local.assetsDict['/'] = local.assetsDict['/assets.index.template.html']","                .replace((/\\{\\{env\\.(\\w+?)\\}\\}/g), function (match0, match1) {","                    // jslint-hack","                    String(match0);","                    switch (match1) {","                    case 'npm_package_description':","                        return 'the greatest app in the world!';","                    case 'npm_package_name':","                        return 'my-app';","                    case 'npm_package_nameAlias':","                        return 'my_app';","                    case 'npm_package_version':","                        return '0.0.1';","                    }","                });","        }","        // run the cli","        if (local.global.utility2_rollup || module !== require.main) {","            break;","        }","        local.assetsDict['/assets.example.js'] =","            local.assetsDict['/assets.example.js'] ||","            local.fs.readFileSync(__filename, 'utf8');","        // bug-workaround - long $npm_package_buildCustomOrg","        /* jslint-ignore-begin */","        local.assetsDict['/assets.npmtest_pjax.rollup.js'] =","            local.assetsDict['/assets.npmtest_pjax.rollup.js'] ||","            local.fs.readFileSync(","                local.npmtest_pjax.__dirname + '/lib.npmtest_pjax.js',","                'utf8'","            ).replace((/^#!/), '//');","        /* jslint-ignore-end */","        local.assetsDict['/favicon.ico'] = local.assetsDict['/favicon.ico'] || '';","        // if $npm_config_timeout_exit exists,","        // then exit this process after $npm_config_timeout_exit ms","        if (Number(process.env.npm_config_timeout_exit)) {","            setTimeout(process.exit, Number(process.env.npm_config_timeout_exit));","        }","        // start server","        if (local.global.utility2_serverHttp1) {","            break;","        }","        process.env.PORT = process.env.PORT || '8081';","        console.error('server starting on port ' + process.env.PORT);","        local.http.createServer(function (request, response) {","            request.urlParsed = local.url.parse(request.url);","            if (local.assetsDict[request.urlParsed.pathname] !== undefined) {","                response.end(local.assetsDict[request.urlParsed.pathname]);","                return;","            }","            response.statusCode = 404;","            response.end();","        }).listen(process.env.PORT);","        break;","    }","}());",""],"l":{"26":2,"28":2,"33":2,"35":2,"37":2,"38":2,"39":2,"44":1,"51":2,"55":2,"59":2,"61":2,"69":1,"70":2,"76":2,"79":2,"82":2,"83":2,"85":1,"89":2,"92":1,"93":1,"94":1,"96":1,"97":1,"100":1,"101":1,"103":1,"106":1,"108":2,"114":1,"116":1,"118":1,"123":1,"124":2,"125":2,"126":3,"127":3,"128":3,"129":3,"130":1,"133":3,"134":3,"139":3,"143":1,"144":3,"145":1,"149":1,"150":1,"158":1,"160":1,"161":1,"162":1,"164":1,"166":1,"258":1,"259":1,"271":1,"274":6,"275":6,"277":1,"279":2,"281":1,"283":2,"288":1,"289":1,"291":1,"296":1,"303":1,"306":1,"307":1,"310":1,"311":1,"313":1,"314":1,"315":1,"316":1,"317":1,"318":1,"319":1,"321":1,"322":1,"324":1}},"/home/travis/build/npmtest/node-npmtest-pjax/node_modules/pjax/index.js":{"path":"/home/travis/build/npmtest/node-npmtest-pjax/node_modules/pjax/index.js","s":{"1":4,"2":4,"3":4,"4":4,"5":4,"6":4,"7":4,"8":0,"9":0,"10":0,"11":0,"12":0,"13":0,"14":0,"15":0,"16":0,"17":0,"18":0,"19":0,"20":0,"21":0,"22":0,"23":0,"24":0,"25":4,"26":0,"27":0,"28":0,"29":0,"30":0,"31":0,"32":0,"33":0,"34":0,"35":0,"36":0,"37":0,"38":0,"39":0,"40":0,"41":0,"42":0,"43":0,"44":0,"45":0,"46":0,"47":0,"48":0,"49":0,"50":0,"51":0,"52":0,"53":0,"54":0,"55":0,"56":0,"57":0,"58":0,"59":0,"60":0,"61":0,"62":0,"63":0,"64":0,"65":0,"66":0,"67":0,"68":0,"69":0,"70":0,"71":0,"72":0,"73":0,"74":0,"75":0,"76":0,"77":0,"78":0,"79":0,"80":0,"81":0,"82":0,"83":0,"84":0,"85":4,"86":4,"87":0,"88":0,"89":0,"90":0,"91":0,"92":0},"b":{"1":[0,0],"2":[0,0],"3":[0,0],"4":[0,0],"5":[0,0],"6":[0,0],"7":[0,0],"8":[0,0],"9":[0,0],"10":[0,0],"11":[0,0],"12":[0,0],"13":[0,0],"14":[0,0],"15":[0,0],"16":[0,0],"17":[0,0],"18":[0,0],"19":[0,0],"20":[0,0],"21":[0,0]},"f":{"1":0,"2":0,"3":0,"4":0,"5":0,"6":0,"7":0,"8":0,"9":0,"10":0,"11":0,"12":0,"13":0,"14":0},"fnMap":{"1":{"name":"(anonymous_1)","line":13,"loc":{"start":{"line":13,"column":11},"end":{"line":13,"column":29}}},"2":{"name":"(anonymous_2)","line":24,"loc":{"start":{"line":24,"column":27},"end":{"line":24,"column":40}}},"3":{"name":"(anonymous_3)","line":58,"loc":{"start":{"line":58,"column":20},"end":{"line":58,"column":54}}},"4":{"name":"(anonymous_4)","line":62,"loc":{"start":{"line":62,"column":19},"end":{"line":62,"column":62}}},"5":{"name":"(anonymous_5)","line":75,"loc":{"start":{"line":75,"column":16},"end":{"line":75,"column":31}}},"6":{"name":"(anonymous_6)","line":79,"loc":{"start":{"line":79,"column":12},"end":{"line":79,"column":23}}},"7":{"name":"(anonymous_7)","line":83,"loc":{"start":{"line":83,"column":15},"end":{"line":83,"column":39}}},"8":{"name":"(anonymous_8)","line":95,"loc":{"start":{"line":95,"column":24},"end":{"line":95,"column":45}}},"9":{"name":"(anonymous_9)","line":132,"loc":{"start":{"line":132,"column":35},"end":{"line":132,"column":54}}},"10":{"name":"(anonymous_10)","line":133,"loc":{"start":{"line":133,"column":54},"end":{"line":133,"column":67}}},"11":{"name":"(anonymous_11)","line":148,"loc":{"start":{"line":148,"column":11},"end":{"line":148,"column":35}}},"12":{"name":"(anonymous_12)","line":154,"loc":{"start":{"line":154,"column":25},"end":{"line":154,"column":40}}},"13":{"name":"(anonymous_13)","line":204,"loc":{"start":{"line":204,"column":28},"end":{"line":204,"column":41}}},"14":{"name":"(anonymous_14)","line":234,"loc":{"start":{"line":234,"column":19},"end":{"line":234,"column":30}}}},"statementMap":{"1":{"start":{"line":1,"column":0},"end":{"line":1,"column":37}},"2":{"start":{"line":2,"column":0},"end":{"line":2,"column":56}},"3":{"start":{"line":4,"column":0},"end":{"line":4,"column":48}},"4":{"start":{"line":6,"column":0},"end":{"line":6,"column":41}},"5":{"start":{"line":8,"column":0},"end":{"line":8,"column":38}},"6":{"start":{"line":10,"column":0},"end":{"line":10,"column":48}},"7":{"start":{"line":13,"column":0},"end":{"line":43,"column":3}},"8":{"start":{"line":14,"column":4},"end":{"line":14,"column":24}},"9":{"start":{"line":16,"column":4},"end":{"line":16,"column":63}},"10":{"start":{"line":17,"column":4},"end":{"line":17,"column":38}},"11":{"start":{"line":18,"column":4},"end":{"line":18,"column":42}},"12":{"start":{"line":20,"column":4},"end":{"line":20,"column":41}},"13":{"start":{"line":22,"column":4},"end":{"line":22,"column":27}},"14":{"start":{"line":24,"column":4},"end":{"line":42,"column":17}},"15":{"start":{"line":25,"column":6},"end":{"line":41,"column":7}},"16":{"start":{"line":26,"column":8},"end":{"line":26,"column":37}},"17":{"start":{"line":27,"column":8},"end":{"line":27,"column":30}},"18":{"start":{"line":28,"column":8},"end":{"line":28,"column":34}},"19":{"start":{"line":29,"column":8},"end":{"line":29,"column":27}},"20":{"start":{"line":31,"column":8},"end":{"line":36,"column":9}},"21":{"start":{"line":32,"column":10},"end":{"line":32,"column":29}},"22":{"start":{"line":35,"column":10},"end":{"line":35,"column":28}},"23":{"start":{"line":37,"column":8},"end":{"line":37,"column":35}},"24":{"start":{"line":40,"column":8},"end":{"line":40,"column":39}},"25":{"start":{"line":45,"column":0},"end":{"line":224,"column":1}},"26":{"start":{"line":59,"column":4},"end":{"line":59,"column":108}},"27":{"start":{"line":63,"column":4},"end":{"line":63,"column":147}},"28":{"start":{"line":76,"column":4},"end":{"line":76,"column":26}},"29":{"start":{"line":80,"column":4},"end":{"line":80,"column":36}},"30":{"start":{"line":84,"column":4},"end":{"line":84,"column":60}},"31":{"start":{"line":88,"column":4},"end":{"line":88,"column":35}},"32":{"start":{"line":89,"column":4},"end":{"line":89,"column":75}},"33":{"start":{"line":90,"column":4},"end":{"line":90,"column":39}},"34":{"start":{"line":91,"column":4},"end":{"line":105,"column":5}},"35":{"start":{"line":92,"column":6},"end":{"line":92,"column":50}},"36":{"start":{"line":93,"column":6},"end":{"line":104,"column":7}},"37":{"start":{"line":94,"column":8},"end":{"line":94,"column":23}},"38":{"start":{"line":95,"column":8},"end":{"line":103,"column":10}},"39":{"start":{"line":96,"column":10},"end":{"line":96,"column":49}},"40":{"start":{"line":97,"column":10},"end":{"line":102,"column":11}},"41":{"start":{"line":98,"column":12},"end":{"line":98,"column":61}},"42":{"start":{"line":101,"column":12},"end":{"line":101,"column":77}},"43":{"start":{"line":107,"column":4},"end":{"line":107,"column":42}},"44":{"start":{"line":108,"column":4},"end":{"line":108,"column":102}},"45":{"start":{"line":112,"column":4},"end":{"line":116,"column":5}},"46":{"start":{"line":113,"column":6},"end":{"line":115,"column":21}},"47":{"start":{"line":114,"column":8},"end":{"line":114,"column":37}},"48":{"start":{"line":119,"column":4},"end":{"line":119,"column":74}},"49":{"start":{"line":126,"column":4},"end":{"line":126,"column":96}},"50":{"start":{"line":127,"column":4},"end":{"line":129,"column":5}},"51":{"start":{"line":128,"column":6},"end":{"line":128,"column":26}},"52":{"start":{"line":132,"column":4},"end":{"line":136,"column":6}},"53":{"start":{"line":133,"column":6},"end":{"line":135,"column":8}},"54":{"start":{"line":134,"column":8},"end":{"line":134,"column":26}},"55":{"start":{"line":149,"column":4},"end":{"line":149,"column":40}},"56":{"start":{"line":151,"column":4},"end":{"line":151,"column":44}},"57":{"start":{"line":154,"column":4},"end":{"line":222,"column":17}},"58":{"start":{"line":156,"column":6},"end":{"line":160,"column":7}},"59":{"start":{"line":157,"column":8},"end":{"line":157,"column":61}},"60":{"start":{"line":159,"column":8},"end":{"line":159,"column":14}},"61":{"start":{"line":163,"column":6},"end":{"line":163,"column":35}},"62":{"start":{"line":165,"column":6},"end":{"line":179,"column":7}},"63":{"start":{"line":166,"column":8},"end":{"line":166,"column":39}},"64":{"start":{"line":169,"column":8},"end":{"line":178,"column":9}},"65":{"start":{"line":170,"column":10},"end":{"line":172,"column":11}},"66":{"start":{"line":171,"column":12},"end":{"line":171,"column":50}},"67":{"start":{"line":173,"column":10},"end":{"line":173,"column":33}},"68":{"start":{"line":174,"column":10},"end":{"line":174,"column":16}},"69":{"start":{"line":177,"column":10},"end":{"line":177,"column":17}},"70":{"start":{"line":181,"column":6},"end":{"line":202,"column":7}},"71":{"start":{"line":182,"column":8},"end":{"line":191,"column":9}},"72":{"start":{"line":183,"column":10},"end":{"line":183,"column":47}},"73":{"start":{"line":184,"column":10},"end":{"line":184,"column":31}},"74":{"start":{"line":185,"column":10},"end":{"line":190,"column":25}},"75":{"start":{"line":194,"column":8},"end":{"line":194,"column":45}},"76":{"start":{"line":195,"column":8},"end":{"line":201,"column":15}},"77":{"start":{"line":204,"column":6},"end":{"line":206,"column":14}},"78":{"start":{"line":205,"column":8},"end":{"line":205,"column":25}},"79":{"start":{"line":209,"column":6},"end":{"line":209,"column":61}},"80":{"start":{"line":211,"column":6},"end":{"line":211,"column":25}},"81":{"start":{"line":214,"column":6},"end":{"line":221,"column":7}},"82":{"start":{"line":215,"column":8},"end":{"line":220,"column":9}},"83":{"start":{"line":216,"column":10},"end":{"line":216,"column":67}},"84":{"start":{"line":219,"column":10},"end":{"line":219,"column":46}},"85":{"start":{"line":226,"column":0},"end":{"line":226,"column":52}},"86":{"start":{"line":229,"column":0},"end":{"line":242,"column":1}},"87":{"start":{"line":230,"column":2},"end":{"line":230,"column":23}},"88":{"start":{"line":234,"column":2},"end":{"line":234,"column":32}},"89":{"start":{"line":235,"column":2},"end":{"line":239,"column":3}},"90":{"start":{"line":236,"column":4},"end":{"line":238,"column":5}},"91":{"start":{"line":237,"column":6},"end":{"line":237,"column":34}},"92":{"start":{"line":241,"column":2},"end":{"line":241,"column":29}}},"branchMap":{"1":{"line":25,"type":"if","locations":[{"start":{"line":25,"column":6},"end":{"line":25,"column":6}},{"start":{"line":25,"column":6},"end":{"line":25,"column":6}}]},"2":{"line":31,"type":"if","locations":[{"start":{"line":31,"column":8},"end":{"line":31,"column":8}},{"start":{"line":31,"column":8},"end":{"line":31,"column":8}}]},"3":{"line":91,"type":"if","locations":[{"start":{"line":91,"column":4},"end":{"line":91,"column":4}},{"start":{"line":91,"column":4},"end":{"line":91,"column":4}}]},"4":{"line":91,"type":"binary-expr","locations":[{"start":{"line":91,"column":8},"end":{"line":91,"column":15}},{"start":{"line":91,"column":19},"end":{"line":91,"column":33}}]},"5":{"line":93,"type":"if","locations":[{"start":{"line":93,"column":6},"end":{"line":93,"column":6}},{"start":{"line":93,"column":6},"end":{"line":93,"column":6}}]},"6":{"line":97,"type":"if","locations":[{"start":{"line":97,"column":10},"end":{"line":97,"column":10}},{"start":{"line":97,"column":10},"end":{"line":97,"column":10}}]},"7":{"line":112,"type":"if","locations":[{"start":{"line":112,"column":4},"end":{"line":112,"column":4}},{"start":{"line":112,"column":4},"end":{"line":112,"column":4}}]},"8":{"line":112,"type":"binary-expr","locations":[{"start":{"line":112,"column":8},"end":{"line":112,"column":30}},{"start":{"line":112,"column":34},"end":{"line":112,"column":63}}]},"9":{"line":127,"type":"if","locations":[{"start":{"line":127,"column":4},"end":{"line":127,"column":4}},{"start":{"line":127,"column":4},"end":{"line":127,"column":4}}]},"10":{"line":127,"type":"binary-expr","locations":[{"start":{"line":127,"column":8},"end":{"line":127,"column":19}},{"start":{"line":127,"column":23},"end":{"line":127,"column":61}}]},"11":{"line":156,"type":"if","locations":[{"start":{"line":156,"column":6},"end":{"line":156,"column":6}},{"start":{"line":156,"column":6},"end":{"line":156,"column":6}}]},"12":{"line":169,"type":"if","locations":[{"start":{"line":169,"column":8},"end":{"line":169,"column":8}},{"start":{"line":169,"column":8},"end":{"line":169,"column":8}}]},"13":{"line":170,"type":"if","locations":[{"start":{"line":170,"column":10},"end":{"line":170,"column":10}},{"start":{"line":170,"column":10},"end":{"line":170,"column":10}}]},"14":{"line":170,"type":"binary-expr","locations":[{"start":{"line":170,"column":14},"end":{"line":170,"column":21}},{"start":{"line":170,"column":25},"end":{"line":170,"column":38}}]},"15":{"line":181,"type":"if","locations":[{"start":{"line":181,"column":6},"end":{"line":181,"column":6}},{"start":{"line":181,"column":6},"end":{"line":181,"column":6}}]},"16":{"line":182,"type":"if","locations":[{"start":{"line":182,"column":8},"end":{"line":182,"column":8}},{"start":{"line":182,"column":8},"end":{"line":182,"column":8}}]},"17":{"line":214,"type":"if","locations":[{"start":{"line":214,"column":6},"end":{"line":214,"column":6}},{"start":{"line":214,"column":6},"end":{"line":214,"column":6}}]},"18":{"line":215,"type":"if","locations":[{"start":{"line":215,"column":8},"end":{"line":215,"column":8}},{"start":{"line":215,"column":8},"end":{"line":215,"column":8}}]},"19":{"line":229,"type":"if","locations":[{"start":{"line":229,"column":0},"end":{"line":229,"column":0}},{"start":{"line":229,"column":0},"end":{"line":229,"column":0}}]},"20":{"line":236,"type":"if","locations":[{"start":{"line":236,"column":4},"end":{"line":236,"column":4}},{"start":{"line":236,"column":4},"end":{"line":236,"column":4}}]},"21":{"line":236,"type":"binary-expr","locations":[{"start":{"line":236,"column":8},"end":{"line":236,"column":42}},{"start":{"line":236,"column":46},"end":{"line":236,"column":87}}]}},"code":["var clone = require('./lib/clone.js')","var executeScripts = require('./lib/execute-scripts.js')","","var forEachEls = require(\"./lib/foreach-els.js\")","","var newUid = require(\"./lib/uniqueid.js\")","","var on = require(\"./lib/events/on.js\")","// var off = require(\"./lib/events/on.js\")","var trigger = require(\"./lib/events/trigger.js\")","","","var Pjax = function(options) {","    this.firstrun = true","","    var parseOptions = require(\"./lib/proto/parse-options.js\");","    parseOptions.apply(this,[options])","    this.log(\"Pjax options\", this.options)","","    this.maxUid = this.lastUid = newUid()","","    this.parseDOM(document)","","    on(window, \"popstate\", function(st) {","      if (st.state) {","        var opt = clone(this.options)","        opt.url = st.state.url","        opt.title = st.state.title","        opt.history = false","","        if (st.state.uid < this.lastUid) {","          opt.backward = true","        }","        else {","          opt.forward = true","        }","        this.lastUid = st.state.uid","","        // @todo implement history cache here, based on uid","        this.loadUrl(st.state.url, opt)","      }","    }.bind(this))","  }","","Pjax.prototype = {","  log: require(\"./lib/proto/log.js\"),","","  getElements: require(\"./lib/proto/get-elements.js\"),","","  parseDOM: require(\"./lib/proto/parse-dom.js\"),","","  refresh: require(\"./lib/proto/refresh.js\"),","","  reload: require(\"./lib/reload.js\"),","","  attachLink: require(\"./lib/proto/attach-link.js\"),","","  forEachSelectors: function(cb, context, DOMcontext) {","    return require(\"./lib/foreach-selectors.js\").bind(this)(this.options.selectors, cb, context, DOMcontext)","  },","","  switchSelectors: function(selectors, fromEl, toEl, options) {","    return require(\"./lib/switches-selectors.js\").bind(this)(this.options.switches, this.options.switchesOptions, selectors, fromEl, toEl, options)","  },","","  // too much problem with the code below","  // + it’s too dangerous","//   switchFallback: function(fromEl, toEl) {","//     this.switchSelectors([\"head\", \"body\"], fromEl, toEl)","//     // execute script when DOM is like it should be","//     Pjax.executeScripts(document.querySelector(\"head\"))","//     Pjax.executeScripts(document.querySelector(\"body\"))","//   }","","  latestChance: function(href) {","    window.location = href","  },","","  onSwitch: function() {","    trigger(window, \"resize scroll\")","  },","","  loadContent: function(html, options) {","    var tmpEl = document.implementation.createHTMLDocument()","","    // parse HTML attributes to copy them","    // since we are forced to use documentElement.innerHTML (outerHTML can't be used for <html>)","    var htmlRegex = /<html[^>]+>/gi","    var htmlAttribsRegex = /\\s?[a-z:]+(?:\\=(?:\\'|\\\")[^\\'\\\">]+(?:\\'|\\\"))*/gi","    var matches = html.match(htmlRegex)","    if (matches && matches.length) {","      matches = matches[0].match(htmlAttribsRegex)","      if (matches.length) {","        matches.shift()","        matches.forEach(function(htmlAttrib) {","          var attr = htmlAttrib.trim().split(\"=\")","          if (attr.length === 1) {","            tmpEl.documentElement.setAttribute(attr[0], true)","          }","          else {","            tmpEl.documentElement.setAttribute(attr[0], attr[1].slice(1, -1))","          }","        })","      }","    }","","    tmpEl.documentElement.innerHTML = html","    this.log(\"load content\", tmpEl.documentElement.attributes, tmpEl.documentElement.innerHTML.length)","","    // Clear out any focused controls before inserting new page contents.","    // we clear focus on non form elements","    if (document.activeElement && !document.activeElement.value) {","      try {","        document.activeElement.blur()","      } catch (e) { }","    }","","    // try {","    this.switchSelectors(this.options.selectors, tmpEl, document, options)","","    // FF bug: Won’t autofocus fields that are inserted via JS.","    // This behavior is incorrect. So if theres no current focus, autofocus","    // the last field.","    //","    // http://www.w3.org/html/wg/drafts/html/master/forms.html","    var autofocusEl = Array.prototype.slice.call(document.querySelectorAll(\"[autofocus]\")).pop()","    if (autofocusEl && document.activeElement !== autofocusEl) {","      autofocusEl.focus();","    }","","    // execute scripts when DOM have been completely updated","    this.options.selectors.forEach(function(selector) {","      forEachEls(document.querySelectorAll(selector), function(el) {","        executeScripts(el)","      })","    })","    // }","    // catch(e) {","    //   if (this.options.debug) {","    //     this.log(\"Pjax switch fail: \", e)","    //   }","    //   this.switchFallback(tmpEl, document)","    // }","  },","","  doRequest: require(\"./lib/request.js\"),","","  loadUrl: function(href, options) {","    this.log(\"load href\", href, options)","","    trigger(document, \"pjax:send\", options);","","    // Do the request","    this.doRequest(href, function(html) {","      // Fail if unable to load HTML via AJAX","      if (html === false) {","        trigger(document,\"pjax:complete pjax:error\", options)","","        return","      }","","      // Clear out any focused controls before inserting new page contents.","      document.activeElement.blur()","","      try {","        this.loadContent(html, options)","      }","      catch (e) {","        if (!this.options.debug) {","          if (console && console.error) {","            console.error(\"Pjax switch fail: \", e)","          }","          this.latestChance(href)","          return","        }","        else {","          throw e","        }","      }","","      if (options.history) {","        if (this.firstrun) {","          this.lastUid = this.maxUid = newUid()","          this.firstrun = false","          window.history.replaceState({","            url: window.location.href,","            title: document.title,","            uid: this.maxUid","          },","          document.title)","        }","","        // Update browser history","        this.lastUid = this.maxUid = newUid()","        window.history.pushState({","          url: href,","          title: options.title,","          uid: this.maxUid","        },","          options.title,","          href)","      }","","      this.forEachSelectors(function(el) {","        this.parseDOM(el)","      }, this)","","      // Fire Events","      trigger(document,\"pjax:complete pjax:success\", options)","","      options.analytics()","","      // Scroll page to top on new page load","      if (options.scrollTo !== false) {","        if (options.scrollTo.length > 1) {","          window.scrollTo(options.scrollTo[0], options.scrollTo[1])","        }","        else {","          window.scrollTo(0, options.scrollTo)","        }","      }","    }.bind(this))","  }","}","","Pjax.isSupported = require(\"./lib/is-supported.js\");","","//arguably could do `if( require(\"./lib/is-supported.js\")()) {` but that might be a little to simple","if (Pjax.isSupported()) {","  module.exports = Pjax","}","// if there isn’t required browser functions, returning stupid api","else {","  var stupidPjax = function() {}","  for (var key in Pjax.prototype) {","    if (Pjax.prototype.hasOwnProperty(key) && typeof Pjax.prototype[key] === \"function\") {","      stupidPjax[key] = stupidPjax","    }","  }","","  module.exports = stupidPjax","}",""],"l":{"1":4,"2":4,"4":4,"6":4,"8":4,"10":4,"13":4,"14":0,"16":0,"17":0,"18":0,"20":0,"22":0,"24":0,"25":0,"26":0,"27":0,"28":0,"29":0,"31":0,"32":0,"35":0,"37":0,"40":0,"45":4,"59":0,"63":0,"76":0,"80":0,"84":0,"88":0,"89":0,"90":0,"91":0,"92":0,"93":0,"94":0,"95":0,"96":0,"97":0,"98":0,"101":0,"107":0,"108":0,"112":0,"113":0,"114":0,"119":0,"126":0,"127":0,"128":0,"132":0,"133":0,"134":0,"149":0,"151":0,"154":0,"156":0,"157":0,"159":0,"163":0,"165":0,"166":0,"169":0,"170":0,"171":0,"173":0,"174":0,"177":0,"181":0,"182":0,"183":0,"184":0,"185":0,"194":0,"195":0,"204":0,"205":0,"209":0,"211":0,"214":0,"215":0,"216":0,"219":0,"226":4,"229":4,"230":0,"234":0,"235":0,"236":0,"237":0,"241":0}},"/home/travis/build/npmtest/node-npmtest-pjax/node_modules/pjax/lib/clone.js":{"path":"/home/travis/build/npmtest/node-npmtest-pjax/node_modules/pjax/lib/clone.js","s":{"1":1,"2":0,"3":0,"4":0,"5":0,"6":0,"7":0,"8":0},"b":{"1":[0,0],"2":[0,0],"3":[0,0]},"f":{"1":0},"fnMap":{"1":{"name":"(anonymous_1)","line":1,"loc":{"start":{"line":1,"column":17},"end":{"line":1,"column":31}}}},"statementMap":{"1":{"start":{"line":1,"column":0},"end":{"line":12,"column":1}},"2":{"start":{"line":2,"column":2},"end":{"line":4,"column":3}},"3":{"start":{"line":3,"column":4},"end":{"line":3,"column":14}},"4":{"start":{"line":5,"column":2},"end":{"line":5,"column":30}},"5":{"start":{"line":6,"column":2},"end":{"line":10,"column":3}},"6":{"start":{"line":7,"column":4},"end":{"line":9,"column":5}},"7":{"start":{"line":8,"column":6},"end":{"line":8,"column":28}},"8":{"start":{"line":11,"column":2},"end":{"line":11,"column":13}}},"branchMap":{"1":{"line":2,"type":"if","locations":[{"start":{"line":2,"column":2},"end":{"line":2,"column":2}},{"start":{"line":2,"column":2},"end":{"line":2,"column":2}}]},"2":{"line":2,"type":"binary-expr","locations":[{"start":{"line":2,"column":6},"end":{"line":2,"column":18}},{"start":{"line":2,"column":22},"end":{"line":2,"column":44}}]},"3":{"line":7,"type":"if","locations":[{"start":{"line":7,"column":4},"end":{"line":7,"column":4}},{"start":{"line":7,"column":4},"end":{"line":7,"column":4}}]}},"code":["module.exports = function(obj) {","  if (null === obj || \"object\" != typeof obj) {","    return obj","  }","  var copy = obj.constructor()","  for (var attr in obj) {","    if (obj.hasOwnProperty(attr)) {","      copy[attr] = obj[attr]","    }","  }","  return copy","}",""],"l":{"1":1,"2":0,"3":0,"5":0,"6":0,"7":0,"8":0,"11":0}},"/home/travis/build/npmtest/node-npmtest-pjax/node_modules/pjax/lib/execute-scripts.js":{"path":"/home/travis/build/npmtest/node-npmtest-pjax/node_modules/pjax/lib/execute-scripts.js","s":{"1":1,"2":1,"3":1,"4":0,"5":0,"6":0,"7":0,"8":0},"b":{"1":[0,0],"2":[0,0],"3":[0,0]},"f":{"1":0,"2":0},"fnMap":{"1":{"name":"(anonymous_1)","line":5,"loc":{"start":{"line":5,"column":17},"end":{"line":5,"column":30}}},"2":{"name":"(anonymous_2)","line":7,"loc":{"start":{"line":7,"column":44},"end":{"line":7,"column":61}}}},"statementMap":{"1":{"start":{"line":1,"column":0},"end":{"line":1,"column":41}},"2":{"start":{"line":2,"column":0},"end":{"line":2,"column":41}},"3":{"start":{"line":5,"column":0},"end":{"line":15,"column":1}},"4":{"start":{"line":7,"column":2},"end":{"line":14,"column":4}},"5":{"start":{"line":8,"column":4},"end":{"line":13,"column":5}},"6":{"start":{"line":9,"column":6},"end":{"line":11,"column":7}},"7":{"start":{"line":10,"column":8},"end":{"line":10,"column":45}},"8":{"start":{"line":12,"column":6},"end":{"line":12,"column":24}}},"branchMap":{"1":{"line":8,"type":"if","locations":[{"start":{"line":8,"column":4},"end":{"line":8,"column":4}},{"start":{"line":8,"column":4},"end":{"line":8,"column":4}}]},"2":{"line":8,"type":"binary-expr","locations":[{"start":{"line":8,"column":8},"end":{"line":8,"column":20}},{"start":{"line":8,"column":24},"end":{"line":8,"column":71}}]},"3":{"line":9,"type":"if","locations":[{"start":{"line":9,"column":6},"end":{"line":9,"column":6}},{"start":{"line":9,"column":6},"end":{"line":9,"column":6}}]}},"code":["var forEachEls = require(\"./foreach-els\")","var evalScript = require(\"./eval-script\")","// Finds and executes scripts (used for newly added elements)","// Needed since innerHTML does not run scripts","module.exports = function(el) {","  // console.log(\"going to execute scripts for \", el)","  forEachEls(el.querySelectorAll(\"script\"), function(script) {","    if (!script.type || script.type.toLowerCase() === \"text/javascript\") {","      if (script.parentNode) {","        script.parentNode.removeChild(script)","      }","      evalScript(script)","    }","  })","}",""],"l":{"1":1,"2":1,"5":1,"7":0,"8":0,"9":0,"10":0,"12":0}},"/home/travis/build/npmtest/node-npmtest-pjax/node_modules/pjax/lib/foreach-els.js":{"path":"/home/travis/build/npmtest/node-npmtest-pjax/node_modules/pjax/lib/foreach-els.js","s":{"1":1,"2":0,"3":0,"4":0},"b":{"1":[0,0],"2":[0,0,0]},"f":{"1":0},"fnMap":{"1":{"name":"(anonymous_1)","line":3,"loc":{"start":{"line":3,"column":17},"end":{"line":3,"column":44}}}},"statementMap":{"1":{"start":{"line":3,"column":0},"end":{"line":9,"column":1}},"2":{"start":{"line":4,"column":2},"end":{"line":6,"column":3}},"3":{"start":{"line":5,"column":4},"end":{"line":5,"column":57}},"4":{"start":{"line":8,"column":2},"end":{"line":8,"column":30}}},"branchMap":{"1":{"line":4,"type":"if","locations":[{"start":{"line":4,"column":2},"end":{"line":4,"column":2}},{"start":{"line":4,"column":2},"end":{"line":4,"column":2}}]},"2":{"line":4,"type":"binary-expr","locations":[{"start":{"line":4,"column":6},"end":{"line":4,"column":35}},{"start":{"line":4,"column":39},"end":{"line":4,"column":62}},{"start":{"line":4,"column":66},"end":{"line":4,"column":86}}]}},"code":["/* global HTMLCollection: true */","","module.exports = function(els, fn, context) {","  if (els instanceof HTMLCollection || els instanceof NodeList || els instanceof Array) {","    return Array.prototype.forEach.call(els, fn, context)","  }","  // assume simple dom element","  return fn.call(context, els)","}",""],"l":{"3":1,"4":0,"5":0,"8":0}},"/home/travis/build/npmtest/node-npmtest-pjax/node_modules/pjax/lib/eval-script.js":{"path":"/home/travis/build/npmtest/node-npmtest-pjax/node_modules/pjax/lib/eval-script.js","s":{"1":1,"2":0,"3":0,"4":0,"5":0,"6":0,"7":0,"8":0,"9":0,"10":0,"11":0,"12":0,"13":0,"14":0,"15":0},"b":{"1":[0,0,0,0],"2":[0,0],"3":[0,0],"4":[0,0],"5":[0,0]},"f":{"1":0},"fnMap":{"1":{"name":"(anonymous_1)","line":1,"loc":{"start":{"line":1,"column":17},"end":{"line":1,"column":30}}}},"statementMap":{"1":{"start":{"line":1,"column":0},"end":{"line":29,"column":1}},"2":{"start":{"line":4,"column":2},"end":{"line":4,"column":62}},"3":{"start":{"line":5,"column":2},"end":{"line":5,"column":71}},"4":{"start":{"line":6,"column":2},"end":{"line":6,"column":47}},"5":{"start":{"line":8,"column":2},"end":{"line":13,"column":3}},"6":{"start":{"line":9,"column":4},"end":{"line":11,"column":5}},"7":{"start":{"line":10,"column":6},"end":{"line":10,"column":99}},"8":{"start":{"line":12,"column":4},"end":{"line":12,"column":16}},"9":{"start":{"line":15,"column":2},"end":{"line":15,"column":33}},"10":{"start":{"line":16,"column":2},"end":{"line":22,"column":3}},"11":{"start":{"line":17,"column":4},"end":{"line":17,"column":53}},"12":{"start":{"line":21,"column":4},"end":{"line":21,"column":22}},"13":{"start":{"line":25,"column":2},"end":{"line":25,"column":44}},"14":{"start":{"line":26,"column":2},"end":{"line":26,"column":26}},"15":{"start":{"line":28,"column":2},"end":{"line":28,"column":13}}},"branchMap":{"1":{"line":4,"type":"binary-expr","locations":[{"start":{"line":4,"column":14},"end":{"line":4,"column":21}},{"start":{"line":4,"column":25},"end":{"line":4,"column":39}},{"start":{"line":4,"column":43},"end":{"line":4,"column":55}},{"start":{"line":4,"column":59},"end":{"line":4,"column":61}}]},"2":{"line":5,"type":"binary-expr","locations":[{"start":{"line":5,"column":13},"end":{"line":5,"column":43}},{"start":{"line":5,"column":47},"end":{"line":5,"column":71}}]},"3":{"line":8,"type":"if","locations":[{"start":{"line":8,"column":2},"end":{"line":8,"column":2}},{"start":{"line":8,"column":2},"end":{"line":8,"column":2}}]},"4":{"line":9,"type":"if","locations":[{"start":{"line":9,"column":4},"end":{"line":9,"column":4}},{"start":{"line":9,"column":4},"end":{"line":9,"column":4}}]},"5":{"line":9,"type":"binary-expr","locations":[{"start":{"line":9,"column":8},"end":{"line":9,"column":15}},{"start":{"line":9,"column":19},"end":{"line":9,"column":30}}]}},"code":["module.exports = function(el) {","  // console.log(\"going to execute script\", el)","","  var code = (el.text || el.textContent || el.innerHTML || \"\")","  var head = document.querySelector(\"head\") || document.documentElement","  var script = document.createElement(\"script\")","","  if (code.match(\"document.write\")) {","    if (console && console.log) {","      console.log(\"Script contains document.write. Can’t be executed correctly. Code skipped \", el)","    }","    return false","  }","","  script.type = \"text/javascript\"","  try {","    script.appendChild(document.createTextNode(code))","  }","  catch (e) {","    // old IEs have funky script nodes","    script.text = code","  }","","  // execute","  head.insertBefore(script, head.firstChild)","  head.removeChild(script) // avoid pollution","","  return true","}",""],"l":{"1":1,"4":0,"5":0,"6":0,"8":0,"9":0,"10":0,"12":0,"15":0,"16":0,"17":0,"21":0,"25":0,"26":0,"28":0}},"/home/travis/build/npmtest/node-npmtest-pjax/node_modules/pjax/lib/uniqueid.js":{"path":"/home/travis/build/npmtest/node-npmtest-pjax/node_modules/pjax/lib/uniqueid.js","s":{"1":1,"2":1,"3":1,"4":0,"5":0,"6":0},"b":{},"f":{"1":1,"2":0},"fnMap":{"1":{"name":"(anonymous_1)","line":1,"loc":{"start":{"line":1,"column":18},"end":{"li
[...]
line":29,"type":"if","locations":[{"start":{"line":29,"column":10},"end":{"line":29,"column":10}},{"start":{"line":29,"column":10},"end":{"line":29,"column":10}}]},"2":{"line":35,"type":"if","locations":[{"start":{"line":35,"column":10},"end":{"line":35,"column":10}},{"start":{"line":35,"column":10},"end":{"line":35,"column":10}}]},"3":{"line":35,"type":"binary-expr","locations":[{"start":{"line":35,"column":14},"end":{"line":35,"column":36}},{"start":{"line":35,"column":40},"end":{"line":35,"column":51}}]},"4":{"line":39,"type":"if","locations":[{"start":{"line":39,"column":14},"end":{"line":39,"column":14}},{"start":{"line":39,"column":14},"end":{"line":39,"column":14}}]},"5":{"line":69,"type":"binary-expr","locations":[{"start":{"line":69,"column":20},"end":{"line":69,"column":33}},{"start":{"line":69,"column":37},"end":{"line":69,"column":39}}]},"6":{"line":73,"type":"if","locations":[{"start":{"line":73,"column":6},"end":{"line":73,"column":6}},{"start":{"line":73,"column":6},"end":{"line":73,"column":6}}]},"7":{"line":73,"type":"binary-expr","locations":[{"start":{"line":73,"column":10},"end":{"line":73,"column":22}},{"start":{"line":73,"column":26},"end":{"line":73,"column":66}}]},"8":{"line":75,"type":"if","locations":[{"start":{"line":75,"column":8},"end":{"line":75,"column":8}},{"start":{"line":75,"column":8},"end":{"line":75,"column":8}}]},"9":{"line":80,"type":"if","locations":[{"start":{"line":80,"column":8},"end":{"line":80,"column":8}},{"start":{"line":80,"column":8},"end":{"line":80,"column":8}}]},"10":{"line":80,"type":"binary-expr","locations":[{"start":{"line":80,"column":12},"end":{"line":80,"column":35}},{"start":{"line":80,"column":39},"end":{"line":80,"column":76}}]},"11":{"line":83,"type":"if","locations":[{"start":{"line":83,"column":8},"end":{"line":83,"column":8}},{"start":{"line":83,"column":8},"end":{"line":83,"column":8}}]},"12":{"line":84,"type":"cond-expr","locations":[{"start":{"line":84,"column":92},"end":{"line":84,"column":125}},{"start":{"line":84,"column":128},"end":{"line":84,"column":160}}]},"13":{"line":92,"type":"if","locations":[{"start":{"line":92,"column":6},"end":{"line":92,"column":6}},{"start":{"line":92,"column":6},"end":{"line":92,"column":6}}]},"14":{"line":94,"type":"if","locations":[{"start":{"line":94,"column":8},"end":{"line":94,"column":8}},{"start":{"line":94,"column":8},"end":{"line":94,"column":8}}]},"15":{"line":95,"type":"cond-expr","locations":[{"start":{"line":95,"column":98},"end":{"line":95,"column":130}},{"start":{"line":95,"column":133},"end":{"line":95,"column":166}}]},"16":{"line":97,"type":"if","locations":[{"start":{"line":97,"column":8},"end":{"line":97,"column":8}},{"start":{"line":97,"column":8},"end":{"line":97,"column":8}}]},"17":{"line":97,"type":"binary-expr","locations":[{"start":{"line":97,"column":12},"end":{"line":97,"column":35}},{"start":{"line":97,"column":39},"end":{"line":97,"column":73}}]}},"code":["var on = require(\"./events/on.js\")","// var off = require(\"./lib/events/on.js\")","// var trigger = require(\"./lib/events/trigger.js\")","","","module.exports = {","  outerHTML: function(oldEl, newEl) {","    oldEl.outerHTML = newEl.outerHTML","    this.onSwitch()","  },","","  innerHTML: function(oldEl, newEl) {","    oldEl.innerHTML = newEl.innerHTML","    oldEl.className = newEl.className","    this.onSwitch()","  },","","  sideBySide: function(oldEl, newEl, options, switchOptions) {","    var forEach = Array.prototype.forEach","    var elsToRemove = []","    var elsToAdd = []","    var fragToAppend = document.createDocumentFragment()","    // height transition are shitty on safari","    // so commented for now (until I found something ?)","    // var relevantHeight = 0","    var animationEventNames = \"animationend webkitAnimationEnd MSAnimationEnd oanimationend\"","    var animatedElsNumber = 0","    var sexyAnimationEnd = function(e) {","          if (e.target != e.currentTarget) {","            // end triggered by an animation on a child","            return","          }","","          animatedElsNumber--","          if (animatedElsNumber <= 0 && elsToRemove) {","            elsToRemove.forEach(function(el) {","              // browsing quickly can make the el","              // already removed by last page update ?","              if (el.parentNode) {","                el.parentNode.removeChild(el)","              }","            })","","            elsToAdd.forEach(function(el) {","              el.className = el.className.replace(el.getAttribute(\"data-pjax-classes\"), \"\")","              el.removeAttribute(\"data-pjax-classes\")","              // Pjax.off(el, animationEventNames, sexyAnimationEnd, true)","            })","","            elsToAdd = null // free memory","            elsToRemove = null // free memory","","            // assume the height is now useless (avoid bug since there is overflow hidden on the parent)","            // oldEl.style.height = \"auto\"","","            // this is to trigger some repaint (example: picturefill)","            this.onSwitch()","            // Pjax.trigger(window, \"scroll\")","          }","        }.bind(this)","","    // Force height to be able to trigger css animation","    // here we get the relevant height","    // oldEl.parentNode.appendChild(newEl)","    // relevantHeight = newEl.getBoundingClientRect().height","    // oldEl.parentNode.removeChild(newEl)","    // oldEl.style.height = oldEl.getBoundingClientRect().height + \"px\"","","    switchOptions = switchOptions || {}","","    forEach.call(oldEl.childNodes, function(el) {","      elsToRemove.push(el)","      if (el.classList && !el.classList.contains(\"js-Pjax-remove\")) {","        // for fast switch, clean element that just have been added, & not cleaned yet.","        if (el.hasAttribute(\"data-pjax-classes\")) {","          el.className = el.className.replace(el.getAttribute(\"data-pjax-classes\"), \"\")","          el.removeAttribute(\"data-pjax-classes\")","        }","        el.classList.add(\"js-Pjax-remove\")","        if (switchOptions.callbacks && switchOptions.callbacks.removeElement) {","          switchOptions.callbacks.removeElement(el)","        }","        if (switchOptions.classNames) {","          el.className += \" \" + switchOptions.classNames.remove + \" \" + (options.backward ? switchOptions.classNames.backward : switchOptions.classNames.forward)","        }","        animatedElsNumber++","        on(el, animationEventNames, sexyAnimationEnd, true)","      }","    })","","    forEach.call(newEl.childNodes, function(el) {","      if (el.classList) {","        var addClasses = \"\"","        if (switchOptions.classNames) {","          addClasses = \" js-Pjax-add \" + switchOptions.classNames.add + \" \" + (options.backward ? switchOptions.classNames.forward : switchOptions.classNames.backward)","        }","        if (switchOptions.callbacks && switchOptions.callbacks.addElement) {","          switchOptions.callbacks.addElement(el)","        }","        el.className += addClasses","        el.setAttribute(\"data-pjax-classes\", addClasses)","        elsToAdd.push(el)","        fragToAppend.appendChild(el)","        animatedElsNumber++","        on(el, animationEventNames, sexyAnimationEnd, true)","      }","    })","","    // pass all className of the parent","    oldEl.className = newEl.className","    oldEl.appendChild(fragToAppend)","","    // oldEl.style.height = relevantHeight + \"px\"","  }","}",""],"l":{"1":1,"6":1,"8":0,"9":0,"13":0,"14":0,"15":0,"19":0,"20":0,"21":0,"22":0,"26":0,"27":0,"28":0,"29":0,"31":0,"34":0,"35":0,"36":0,"39":0,"40":0,"44":0,"45":0,"46":0,"50":0,"51":0,"57":0,"69":0,"71":0,"72":0,"73":0,"75":0,"76":0,"77":0,"79":0,"80":0,"81":0,"83":0,"84":0,"86":0,"87":0,"91":0,"92":0,"93":0,"94":0,"95":0,"97":0,"98":0,"100":0,"101":0,"102":0,"103":0,"104":0,"105":0,"110":0,"111":0}},"/home/travis/build/npmtest/node-npmtest-pjax/node_modules/pjax/lib/switches-selectors.js":{"path":"/home/travis/build/npmtest/node-npmtest-pjax/node_modules/pjax/lib/switches-selectors.js","s":{"1":1,"2":1,"3":1,"4":0,"5":0,"6":0,"7":0,"8":0,"9":0,"10":0,"11":0,"12":0,"13":0,"14":0,"15":0,"16":0,"17":0},"b":{"1":[0,0],"2":[0,0],"3":[0,0],"4":[0,0]},"f":{"1":0,"2":0,"3":0},"fnMap":{"1":{"name":"(anonymous_1)","line":5,"loc":{"start":{"line":5,"column":17},"end":{"line":5,"column":87}}},"2":{"name":"(anonymous_2)","line":6,"loc":{"start":{"line":6,"column":20},"end":{"line":6,"column":39}}},"3":{"name":"(anonymous_3)","line":22,"loc":{"start":{"line":22,"column":23},"end":{"line":22,"column":42}}}},"statementMap":{"1":{"start":{"line":1,"column":0},"end":{"line":1,"column":41}},"2":{"start":{"line":3,"column":0},"end":{"line":3,"column":43}},"3":{"start":{"line":5,"column":0},"end":{"line":35,"column":1}},"4":{"start":{"line":6,"column":2},"end":{"line":34,"column":10}},"5":{"start":{"line":7,"column":4},"end":{"line":7,"column":50}},"6":{"start":{"line":8,"column":4},"end":{"line":8,"column":48}},"7":{"start":{"line":9,"column":4},"end":{"line":11,"column":5}},"8":{"start":{"line":10,"column":6},"end":{"line":10,"column":55}},"9":{"start":{"line":12,"column":4},"end":{"line":20,"column":5}},"10":{"start":{"line":19,"column":6},"end":{"line":19,"column":128}},"11":{"start":{"line":22,"column":4},"end":{"line":33,"column":12}},"12":{"start":{"line":23,"column":6},"end":{"line":23,"column":27}},"13":{"start":{"line":24,"column":6},"end":{"line":26,"column":7}},"14":{"start":{"line":25,"column":8},"end":{"line":25,"column":48}},"15":{"start":{"line":27,"column":6},"end":{"line":32,"column":7}},"16":{"start":{"line":28,"column":8},"end":{"line":28,"column":87}},"17":{"start":{"line":31,"column":8},"end":{"line":31,"column":67}}},"branchMap":{"1":{"line":9,"type":"if","locations":[{"start":{"line":9,"column":4},"end":{"line":9,"column":4}},{"start":{"line":9,"column":4},"end":{"line":9,"column":4}}]},"2":{"line":12,"type":"if","locations":[{"start":{"line":12,"column":4},"end":{"line":12,"column":4}},{"start":{"line":12,"column":4},"end":{"line":12,"column":4}}]},"3":{"line":24,"type":"if","locations":[{"start":{"line":24,"column":6},"end":{"line":24,"column":6}},{"start":{"line":24,"column":6},"end":{"line":24,"column":6}}]},"4":{"line":27,"type":"if","locations":[{"start":{"line":27,"column":6},"end":{"line":27,"column":6}},{"start":{"line":27,"column":6},"end":{"line":27,"column":6}}]}},"code":["var forEachEls = require(\"./foreach-els\")","","var defaultSwitches = require(\"./switches\")","","module.exports = function(switches, switchesOptions, selectors, fromEl, toEl, options) {","  selectors.forEach(function(selector) {","    var newEls = fromEl.querySelectorAll(selector)","    var oldEls = toEl.querySelectorAll(selector)","    if (this.log) {","      this.log(\"Pjax switch\", selector, newEls, oldEls)","    }","    if (newEls.length !== oldEls.length) {","      // forEachEls(newEls, function(el) {","      //   this.log(\"newEl\", el, el.outerHTML)","      // }, this)","      // forEachEls(oldEls, function(el) {","      //   this.log(\"oldEl\", el, el.outerHTML)","      // }, this)","      throw \"DOM doesn’t look the same on new loaded page: ’\" + selector + \"’ - new \" + newEls.length + \", old \" + oldEls.length","    }","","    forEachEls(newEls, function(newEl, i) {","      var oldEl = oldEls[i]","      if (this.log) {","        this.log(\"newEl\", newEl, \"oldEl\", oldEl)","      }","      if (switches[selector]) {","        switches[selector].bind(this)(oldEl, newEl, options, switchesOptions[selector])","      }","      else {","        defaultSwitches.outerHTML.bind(this)(oldEl, newEl, options)","      }","    }, this)","  }, this)","}",""],"l":{"1":1,"3":1,"5":1,"6":0,"7":0,"8":0,"9":0,"10":0,"12":0,"19":0,"22":0,"23":0,"24":0,"25":0,"27":0,"28":0,"31":0}},"/home/travis/build/npmtest/node-npmtest-pjax/node_modules/pjax/lib/events/off.js":{"path":"/home/travis/build/npmtest/node-npmtest-pjax/node_modules/pjax/lib/events/off.js","s":{"1":1,"2":1,"3":0,"4":0,"5":0,"6":0},"b":{"1":[0,0]},"f":{"1":0,"2":0,"3":0},"fnMap":{"1":{"name":"(anonymous_1)","line":3,"loc":{"start":{"line":3,"column":17},"end":{"line":3,"column":61}}},"2":{"name":"(anonymous_2)","line":6,"loc":{"start":{"line":6,"column":17},"end":{"line":6,"column":29}}},"3":{"name":"(anonymous_3)","line":7,"loc":{"start":{"line":7,"column":20},"end":{"line":7,"column":33}}}},"statementMap":{"1":{"start":{"line":1,"column":0},"end":{"line":1,"column":42}},"2":{"start":{"line":3,"column":0},"end":{"line":11,"column":1}},"3":{"start":{"line":4,"column":2},"end":{"line":4,"column":68}},"4":{"start":{"line":6,"column":2},"end":{"line":10,"column":4}},"5":{"start":{"line":7,"column":4},"end":{"line":9,"column":6}},"6":{"start":{"line":8,"column":6},"end":{"line":8,"column":53}}},"branchMap":{"1":{"line":4,"type":"cond-expr","locations":[{"start":{"line":4,"column":41},"end":{"line":4,"column":58}},{"start":{"line":4,"column":61},"end":{"line":4,"column":67}}]}},"code":["var forEachEls = require(\"../foreach-els\")","","module.exports = function(els, events, listener, useCapture) {","  events = (typeof events === \"string\" ? events.split(\" \") : events)","","  events.forEach(function(e) {","    forEachEls(els, function(el) {","      el.removeEventListener(e, listener, useCapture)","    })","  })","}",""],"l":{"1":1,"3":1,"4":0,"6":0,"7":0,"8":0}},"/home/travis/build/npmtest/node-npmtest-pjax/node_modules/pjax/lib/proto/parse-options.js":{"path":"/home/travis/build/npmtest/node-npmtest-pjax/node_modules/pjax/lib/proto/parse-options.js","s":{"1":1,"2":0,"3":0,"4":0,"5":0,"6":0,"7":0,"8":0,"9":0,"10":0,"11":0,"12":0,"13":0,"14":0,"15":0,"16":0,"17":0,"18":0,"19":0,"20":0,"21":0},"b":{"1":[0,0],"2":[0,0],"3":[0,0],"4":[0,0],"5":[0,0],"6":[0,0],"7":[0,0],"8":[0,0],"9":[0,0],"10":[0,0],"11":[0,0],"12":[0,0],"13":[0,0],"14":[0,0]},"f":{"1":0,"2":0,"3":0},"fnMap":{"1":{"name":"(anonymous_1)","line":3,"loc":{"start":{"line":3,"column":17},"end":{"line":3,"column":34}}},"2":{"name":"(anonymous_2)","line":10,"loc":{"start":{"line":10,"column":53},"end":{"line":10,"column":64}}},"3":{"name":"(anonymous_3)","line":36,"loc":{"start":{"line":36,"column":24},"end":{"line":36,"column":35}}}},"statementMap":{"1":{"start":{"line":3,"column":0},"end":{"line":38,"column":1}},"2":{"start":{"line":4,"column":2},"end":{"line":4,"column":24}},"3":{"start":{"line":5,"column":2},"end":{"line":5,"column":74}},"4":{"start":{"line":6,"column":2},"end":{"line":6,"column":74}},"5":{"start":{"line":7,"column":2},"end":{"line":7,"column":53}},"6":{"start":{"line":8,"column":2},"end":{"line":8,"column":67}},"7":{"start":{"line":9,"column":2},"end":{"line":9,"column":53}},"8":{"start":{"line":10,"column":2},"end":{"line":20,"column":3}},"9":{"start":{"line":14,"column":4},"end":{"line":16,"column":5}},"10":{"start":{"line":15,"column":6},"end":{"line":15,"column":35}},"11":{"start":{"line":17,"column":4},"end":{"line":19,"column":5}},"12":{"start":{"line":18,"column":6},"end":{"line":18,"column":78}},"13":{"start":{"line":21,"column":2},"end":{"line":21,"column":101}},"14":{"start":{"line":22,"column":2},"end":{"line":22,"column":106}},"15":{"start":{"line":23,"column":2},"end":{"line":23,"column":50}},"16":{"start":{"line":29,"column":2},"end":{"line":31,"column":3}},"17":{"start":{"line":30,"column":4},"end":{"line":30,"column":55}},"18":{"start":{"line":32,"column":2},"end":{"line":34,"column":3}},"19":{"start":{"line":33,"column":4},"end":{"line":33,"column":55}},"20":{"start":{"line":35,"column":2},"end":{"line":37,"column":3}},"21":{"start":{"line":36,"column":4},"end":{"line":36,"column":37}}},"branchMap":{"1":{"line":5,"type":"binary-expr","locations":[{"start":{"line":5,"column":26},"end":{"line":5,"column":47}},{"start":{"line":5,"column":51},"end":{"line":5,"column":74}}]},"2":{"line":6,"type":"binary-expr","locations":[{"start":{"line":6,"column":27},"end":{"line":6,"column":49}},{"start":{"line":6,"column":53},"end":{"line":6,"column":74}}]},"3":{"line":7,"type":"binary-expr","locations":[{"start":{"line":7,"column":26},"end":{"line":7,"column":47}},{"start":{"line":7,"column":51},"end":{"line":7,"column":53}}]},"4":{"line":8,"type":"binary-expr","locations":[{"start":{"line":8,"column":33},"end":{"line":8,"column":61}},{"start":{"line":8,"column":65},"end":{"line":8,"column":67}}]},"5":{"line":9,"type":"binary-expr","locations":[{"start":{"line":9,"column":25},"end":{"line":9,"column":45}},{"start":{"line":9,"column":49},"end":{"line":9,"column":53}}]},"6":{"line":10,"type":"binary-expr","locations":[{"start":{"line":10,"column":27},"end":{"line":10,"column":49}},{"start":{"line":10,"column":53},"end":{"line":20,"column":3}}]},"7":{"line":14,"type":"if","locations":[{"start":{"line":14,"column":4},"end":{"line":14,"column":4}},{"start":{"line":14,"column":4},"end":{"line":14,"column":4}}]},"8":{"line":17,"type":"if","locations":[{"start":{"line":17,"column":4},"end":{"line":17,"column":4}},{"start":{"line":17,"column":4},"end":{"line":17,"column":4}}]},"9":{"line":21,"type":"cond-expr","locations":[{"start":{"line":21,"column":75},"end":{"line":21,"column":76}},{"start":{"line":21,"column":79},"end":{"line":21,"column":100}}]},"10":{"line":22,"type":"cond-expr","locations":[{"start":{"line":22,"column":77},"end":{"line":22,"column":81}},{"start":{"line":22,"column":84},"end":{"line":22,"column":106}}]},"11":{"line":23,"type":"binary-expr","locations":[{"start":{"line":23,"column":23},"end":{"line":23,"column":41}},{"start":{"line":23,"column":45},"end":{"line":23,"column":50}}]},"12":{"line":29,"type":"if","locations":[{"start":{"line":29,"column":2},"end":{"line":29,"column":2}},{"start":{"line":29,"column":2},"end":{"line":29,"column":2}}]},"13":{"line":32,"type":"if","locations":[{"start":{"line":32,"column":2},"end":{"line":32,"column":2}},{"start":{"line":32,"column":2},"end":{"line":32,"column":2}}]},"14":{"line":35,"type":"if","locations":[{"start":{"line":35,"column":2},"end":{"line":35,"column":2}},{"start":{"line":35,"column":2},"end":{"line":35,"column":2}}]}},"code":["/* global _gaq: true, ga: true */","","module.exports = function(options){","  this.options = options","  this.options.elements = this.options.elements || \"a[href], form[action]\"","  this.options.selectors = this.options.selectors || [\"title\", \".js-Pjax\"]","  this.options.switches = this.options.switches || {}","  this.options.switchesOptions = this.options.switchesOptions || {}","  this.options.history = this.options.history || true","  this.options.analytics = this.options.analytics || function() {","    // options.backward or options.foward can be true or undefined","    // by default, we do track back/foward hit","    // https://productforums.google.com/forum/#!topic/analytics/WVwMDjLhXYk","    if (window._gaq) {","      _gaq.push([\"_trackPageview\"])","    }","    if (window.ga) {","      ga(\"send\", \"pageview\", {page: location.pathname, title: document.title})","    }","  }","  this.options.scrollTo = (typeof this.options.scrollTo === 'undefined') ? 0 : this.options.scrollTo;","  this.options.cacheBust = (typeof this.options.cacheBust === 'undefined') ? true : this.options.cacheBust","  this.options.debug = this.options.debug || false","","  // we can’t replace body.outerHTML or head.outerHTML","  // it create a bug where new body or new head are created in the dom","  // if you set head.outerHTML, a new body tag is appended, so the dom get 2 body","  // & it break the switchFallback which replace head & body","  if (!this.options.switches.head) {","    this.options.switches.head = this.switchElementsAlt","  }","  if (!this.options.switches.body) {","    this.options.switches.body = this.switchElementsAlt","  }","  if (typeof options.analytics !== \"function\") {","    options.analytics = function() {}","  }","}"],"l":{"3":1,"4":0,"5":0,"6":0,"7":0,"8":0,"9":0,"10":0,"14":0,"15":0,"17":0,"18":0,"21":0,"22":0,"23":0,"29":0,"30":0,"32":0,"33":0,"35":0,"36":0}}}